Using pre-set license
Built from '2020.3/release' branch; Version is '2020.3.27f1 (e759542391ea) revision 15161684'; Using compiler version '192528614'; Build Type 'Release'
OS: 'Windows 10  (10.0.19044) 64bit Professional' Language: 'ko' Physical Memory: 8083 MB
BatchMode: 1, IsHumanControllingUs: 0, StartBugReporterOnCrash: 0, Is64bit: 1, IsPro: 0

COMMAND LINE ARGUMENTS:
C:\Program Files\Unity 2020.3.27f1\Editor\Unity.exe
-adb2
-batchMode
-noUpm
-name
AssetImportWorker0
-projectPath
C:/Users/user/Documents/GitHub/KMove_Project/KMove_Project
-logFile
Logs/AssetImportWorker0.log
-srvPort
61750
Successfully changed project path to: C:/Users/user/Documents/GitHub/KMove_Project/KMove_Project
C:/Users/user/Documents/GitHub/KMove_Project/KMove_Project
Using Asset Import Pipeline V2.
Refreshing native plugins compatible for Editor in 39.83 ms, found 2 plugins.
Preloading 0 native plugins for Editor in 0.00 ms.
Initialize engine version: 2020.3.27f1 (e759542391ea)
[Subsystems] Discovering subsystems at path C:/Program Files/Unity 2020.3.27f1/Editor/Data/Resources/UnitySubsystems
[Subsystems] Discovering subsystems at path C:/Users/user/Documents/GitHub/KMove_Project/KMove_Project/Assets
GfxDevice: creating device client; threaded=0
Direct3D:
    Version:  Direct3D 11.0 [level 11.1]
    Renderer: NVIDIA GeForce GTX 1060 6GB (ID=0x1c03)
    Vendor:   
    VRAM:     6052 MB
    Driver:   27.21.14.5751
Initialize mono
Mono path[0] = 'C:/Program Files/Unity 2020.3.27f1/Editor/Data/Managed'
Mono path[1] = 'C:/Program Files/Unity 2020.3.27f1/Editor/Data/MonoBleedingEdge/lib/mono/unityjit'
Mono config path = 'C:/Program Files/Unity 2020.3.27f1/Editor/Data/MonoBleedingEdge/etc'
Using monoOptions --debugger-agent=transport=dt_socket,embedding=1,server=y,suspend=n,address=127.0.0.1:56408
Begin MonoManager ReloadAssembly
Registering precompiled unity dll's ...
Register platform support module: C:/Program Files/Unity 2020.3.27f1/Editor/Data/PlaybackEngines/WindowsStandaloneSupport/UnityEditor.WindowsStandalone.Extensions.dll
Registered in 0.002452 seconds.
Native extension for WindowsStandalone target not found
Refreshing native plugins compatible for Editor in 35.72 ms, found 2 plugins.
Preloading 0 native plugins for Editor in 0.00 ms.
Mono: successfully reloaded assembly
- Completed reload, in  0.646 seconds
Domain Reload Profiling:
	ReloadAssembly (646ms)
		BeginReloadAssembly (77ms)
			ExecutionOrderSort (0ms)
			DisableScriptedObjects (0ms)
			BackupInstance (0ms)
			ReleaseScriptingObjects (0ms)
			CreateAndSetChildDomain (1ms)
		EndReloadAssembly (488ms)
			LoadAssemblies (74ms)
			RebuildTransferFunctionScriptingTraits (0ms)
			SetupTypeCache (156ms)
			ReleaseScriptCaches (0ms)
			RebuildScriptCaches (34ms)
			SetupLoadedEditorAssemblies (180ms)
				LogAssemblyErrors (0ms)
				InitializePlatformSupportModulesInManaged (5ms)
				SetLoadedEditorAssemblies (0ms)
				RefreshPlugins (36ms)
				BeforeProcessingInitializeOnLoad (18ms)
				ProcessInitializeOnLoadAttributes (89ms)
				ProcessInitializeOnLoadMethodAttributes (32ms)
				AfterProcessingInitializeOnLoad (0ms)
				EditorAssembliesLoaded (0ms)
			ExecutionOrderSort2 (0ms)
			AwakeInstancesAfterBackupRestoration (0ms)
Platform modules already initialized, skipping
Registering precompiled user dll's ...
Registered in 0.005219 seconds.
Begin MonoManager ReloadAssembly
Native extension for WindowsStandalone target not found
Refreshing native plugins compatible for Editor in 0.49 ms, found 2 plugins.
Preloading 0 native plugins for Editor in 0.00 ms.
Mono: successfully reloaded assembly
- Completed reload, in  1.259 seconds
Domain Reload Profiling:
	ReloadAssembly (1261ms)
		BeginReloadAssembly (171ms)
			ExecutionOrderSort (0ms)
			DisableScriptedObjects (5ms)
			BackupInstance (0ms)
			ReleaseScriptingObjects (0ms)
			CreateAndSetChildDomain (20ms)
		EndReloadAssembly (1002ms)
			LoadAssemblies (152ms)
			RebuildTransferFunctionScriptingTraits (0ms)
			SetupTypeCache (331ms)
			ReleaseScriptCaches (0ms)
			RebuildScriptCaches (52ms)
			SetupLoadedEditorAssemblies (347ms)
				LogAssemblyErrors (0ms)
				InitializePlatformSupportModulesInManaged (7ms)
				SetLoadedEditorAssemblies (1ms)
				RefreshPlugins (1ms)
				BeforeProcessingInitializeOnLoad (111ms)
				ProcessInitializeOnLoadAttributes (210ms)
				ProcessInitializeOnLoadMethodAttributes (9ms)
				AfterProcessingInitializeOnLoad (8ms)
				EditorAssembliesLoaded (0ms)
			ExecutionOrderSort2 (0ms)
			AwakeInstancesAfterBackupRestoration (6ms)
Platform modules already initialized, skipping
========================================================================
Worker process is ready to serve import requests
Launched and connected shader compiler UnityShaderCompiler.exe after 0.14 seconds
Refreshing native plugins compatible for Editor in 0.51 ms, found 2 plugins.
Preloading 0 native plugins for Editor in 0.00 ms.
Unloading 1506 Unused Serialized files (Serialized files now loaded: 0)
System memory in use before: 81.4 MB.
System memory in use after: 81.5 MB.

Unloading 19 unused Assets to reduce memory usage. Loaded Objects now: 1954.
Total: 4.838500 ms (FindLiveObjects: 0.986100 ms CreateObjectMapping: 0.152800 ms MarkObjects: 3.598200 ms  DeleteObjects: 0.100000 ms)

AssetImportParameters requested are different than current active one (requested -> active):
  custom:framework-win-MediaFoundation: 216162199b28c13a410421893ffa2e32 -> 
  custom:video-decoder-ogg-theora: a1e56fd34408186e4bbccfd4996cb3dc -> 
  custom:container-muxer-webm: aa71ff27fc2769a1b78a27578f13a17b -> 
  custom:container-demuxer-webm: 4f35f7cbe854078d1ac9338744f61a02 -> 
  custom:container-demuxer-ogg: 62fdf1f143b41e24485cea50d1cbac27 -> 
  custom:video-encoder-webm-vp8: eb34c28f22e8b96e1ab97ce403110664 -> 
  custom:video-decoder-webm-vp8: 9c59270c3fd7afecdb556c50c9e8de78 -> 
  custom:audio-decoder-ogg-vorbis: bf7c407c2cedff20999df2af8eb42d56 -> 
  custom:audio-encoder-webm-vorbis: bf7c407c2cedff20999df2af8eb42d56 -> 
========================================================================
Received Import Request.
  path: Assets/Meshtint Free Knight/Materials/Blue.mat
  artifactKey: Guid(c0c7e3518cd06bd499fe69cdba52c9e6) Importer(815301076,1909f56bfc062723c751e8b465ee728b)
Start importing Assets/Meshtint Free Knight/Materials/Blue.mat using Guid(c0c7e3518cd06bd499fe69cdba52c9e6) Importer(815301076,1909f56bfc062723c751e8b465ee728b)  -> (artifact id: '4df37a563d7c323ebb5ae8b98f4805f2') in 0.203673 seconds 
  Import took 0.210742 seconds .

========================================================================
Received Import Request.
  Time since last request: 0.000229 seconds.
  path: Assets/Cartoon Heroes/Female/3D/Hairs/Hair_1/Materials/Female_Hair_1_Blond.mat
  artifactKey: Guid(2288758dcfc2a1f49bbddb9a8bfa5c85) Importer(815301076,1909f56bfc062723c751e8b465ee728b)
Start importing Assets/Cartoon Heroes/Female/3D/Hairs/Hair_1/Materials/Female_Hair_1_Blond.mat using Guid(2288758dcfc2a1f49bbddb9a8bfa5c85) Importer(815301076,1909f56bfc062723c751e8b465ee728b)  -> (artifact id: 'f0a8144f82487dcf63c0186a8cd4dc10') in 0.066156 seconds 
  Import took 0.070093 seconds .

========================================================================
Received Import Request.
  Time since last request: 0.000267 seconds.
  path: Assets/Cartoon Heroes/Female/3D/Hairs/Hair_2/Materials/Female_Hair_2.mat
  artifactKey: Guid(c32d0151827fb0f49ba3f88207543e44) Importer(815301076,1909f56bfc062723c751e8b465ee728b)
Start importing Assets/Cartoon Heroes/Female/3D/Hairs/Hair_2/Materials/Female_Hair_2.mat using Guid(c32d0151827fb0f49ba3f88207543e44) Importer(815301076,1909f56bfc062723c751e8b465ee728b)  -> (artifact id: 'bc0cee4fcf4f030d9d41500058f248ea') in 0.033846 seconds 
  Import took 0.037674 seconds .

========================================================================
Received Import Request.
  Time since last request: 0.000356 seconds.
  path: Assets/Cartoon Heroes/Female/3D/Legs/Legs_1/Materials/Female_Base_Legs.mat
  artifactKey: Guid(12a3f199e1082df408484795add5ab5d) Importer(815301076,1909f56bfc062723c751e8b465ee728b)
Start importing Assets/Cartoon Heroes/Female/3D/Legs/Legs_1/Materials/Female_Base_Legs.mat using Guid(12a3f199e1082df408484795add5ab5d) Importer(815301076,1909f56bfc062723c751e8b465ee728b)  -> (artifact id: 'f3dccd4bbd471406dfa412852b58313c') in 0.320241 seconds 
  Import took 0.323128 seconds .

========================================================================
Received Import Request.
  Time since last request: 0.000274 seconds.
  path: Assets/Cartoon Heroes/Female/3D/Legs/Base Legs/Materials/Female_Base_Legs_Dark.mat
  artifactKey: Guid(4ff161389303f114eae07b08a39e436a) Importer(815301076,1909f56bfc062723c751e8b465ee728b)
Start importing Assets/Cartoon Heroes/Female/3D/Legs/Base Legs/Materials/Female_Base_Legs_Dark.mat using Guid(4ff161389303f114eae07b08a39e436a) Importer(815301076,1909f56bfc062723c751e8b465ee728b)  -> (artifact id: 'c4ea34d473a7556c23e179960485d1ac') in 0.027574 seconds 
  Import took 0.036791 seconds .

========================================================================
Received Import Request.
  Time since last request: 0.000264 seconds.
  path: Assets/Cartoon Heroes/Female/3D/Legs/Base Legs/Materials/Female_Base_Legs.mat
  artifactKey: Guid(2b846df07d6cd7f419c6ad82c537ddaf) Importer(815301076,1909f56bfc062723c751e8b465ee728b)
Start importing Assets/Cartoon Heroes/Female/3D/Legs/Base Legs/Materials/Female_Base_Legs.mat using Guid(2b846df07d6cd7f419c6ad82c537ddaf) Importer(815301076,1909f56bfc062723c751e8b465ee728b)  -> (artifact id: '7fcb1c319fa4adb124dc4d6bd6df792e') in 0.024913 seconds 
  Import took 0.029467 seconds .

========================================================================
Received Import Request.
  Time since last request: 0.000179 seconds.
  path: Assets/Cartoon Heroes/Female/3D/Torsos/Base Torso/Materials/Female_Base_Torso_Dark.mat
  artifactKey: Guid(fd089ee6cd6f7994eb2bd597b96c7b0a) Importer(815301076,1909f56bfc062723c751e8b465ee728b)
Start importing Assets/Cartoon Heroes/Female/3D/Torsos/Base Torso/Materials/Female_Base_Torso_Dark.mat using Guid(fd089ee6cd6f7994eb2bd597b96c7b0a) Importer(815301076,1909f56bfc062723c751e8b465ee728b)  -> (artifact id: 'f7617b9a1c4d4143d1a85a290704b7c9') in 0.031742 seconds 
  Import took 0.036213 seconds .

========================================================================
Received Import Request.
  Time since last request: 0.000268 seconds.
  path: Assets/Cartoon Heroes/Female/3D/Legs/Base Legs/Materials/Female_Base_Legs_Light.mat
  artifactKey: Guid(42af98c4eab02d744af65586ae07bb75) Importer(815301076,1909f56bfc062723c751e8b465ee728b)
Start importing Assets/Cartoon Heroes/Female/3D/Legs/Base Legs/Materials/Female_Base_Legs_Light.mat using Guid(42af98c4eab02d744af65586ae07bb75) Importer(815301076,1909f56bfc062723c751e8b465ee728b)  -> (artifact id: '3a9fb7c86f7fcf4395937adf21130128') in 0.017116 seconds 
  Import took 0.020739 seconds .

========================================================================
Received Import Request.
  Time since last request: 0.000198 seconds.
  path: Assets/Cartoon Heroes/Female/3D/Torsos/Base Torso/Materials/Female_Base_Torso_Light.mat
  artifactKey: Guid(dd05f9426540d2c4a8e08a24f11eb8d1) Importer(815301076,1909f56bfc062723c751e8b465ee728b)
Start importing Assets/Cartoon Heroes/Female/3D/Torsos/Base Torso/Materials/Female_Base_Torso_Light.mat using Guid(dd05f9426540d2c4a8e08a24f11eb8d1) Importer(815301076,1909f56bfc062723c751e8b465ee728b)  -> (artifact id: '564050b675ee6a5f8b6a78459b90f517') in 0.014628 seconds 
  Import took 0.017136 seconds .

========================================================================
Received Import Request.
  Time since last request: 0.000198 seconds.
  path: Assets/Cartoon Heroes/Female/3D/Torsos/Base Torso/Materials/Female_Base_Torso.mat
  artifactKey: Guid(2be6e5be44236bb47bc7dace0bebf82c) Importer(815301076,1909f56bfc062723c751e8b465ee728b)
Start importing Assets/Cartoon Heroes/Female/3D/Torsos/Base Torso/Materials/Female_Base_Torso.mat using Guid(2be6e5be44236bb47bc7dace0bebf82c) Importer(815301076,1909f56bfc062723c751e8b465ee728b)  -> (artifact id: '83bb2e73b114194891834039fdfb202c') in 0.015328 seconds 
  Import took 0.017794 seconds .

========================================================================
Received Import Request.
  Time since last request: 0.000191 seconds.
  path: Assets/Cartoon Heroes/Female/3D/Hairs/Hair_1/Materials/Female_Hair_1_Black.mat
  artifactKey: Guid(faf5825e9adafa5408b7ea38d15dad7a) Importer(815301076,1909f56bfc062723c751e8b465ee728b)
Start importing Assets/Cartoon Heroes/Female/3D/Hairs/Hair_1/Materials/Female_Hair_1_Black.mat using Guid(faf5825e9adafa5408b7ea38d15dad7a) Importer(815301076,1909f56bfc062723c751e8b465ee728b)  -> (artifact id: '03e185bf1aa7b012fa1322b70240c0dc') in 0.021945 seconds 
  Import took 0.024697 seconds .

========================================================================
Received Import Request.
  Time since last request: 0.000285 seconds.
  path: Assets/Cartoon Heroes/Female/3D/Hairs/Hair_1/Materials/Female_Hair_1.mat
  artifactKey: Guid(2126113755a30264bacb049856dbf786) Importer(815301076,1909f56bfc062723c751e8b465ee728b)
Start importing Assets/Cartoon Heroes/Female/3D/Hairs/Hair_1/Materials/Female_Hair_1.mat using Guid(2126113755a30264bacb049856dbf786) Importer(815301076,1909f56bfc062723c751e8b465ee728b)  -> (artifact id: '4a7109a86a98722c8c3e462601743c6c') in 0.019191 seconds 
  Import took 0.022282 seconds .

========================================================================
Received Import Request.
  Time since last request: 2.945084 seconds.
  path: Assets/Cartoon Heroes/Female/3D/Hairs/Hair_3/Materials/Female_Hair_3.mat
  artifactKey: Guid(d4a665c1b451f914d96aef2217d8fbf4) Importer(815301076,1909f56bfc062723c751e8b465ee728b)
Start importing Assets/Cartoon Heroes/Female/3D/Hairs/Hair_3/Materials/Female_Hair_3.mat using Guid(d4a665c1b451f914d96aef2217d8fbf4) Importer(815301076,1909f56bfc062723c751e8b465ee728b)  -> (artifact id: '702c0d2389f3c753d646fc0be8a23cff') in 0.021125 seconds 
  Import took 0.024796 seconds .

========================================================================
Received Import Request.
  Time since last request: 0.000365 seconds.
  path: Assets/Cartoon Heroes/Female/3D/Hairs/Hair_3/Materials/Female_Hair_3_Black.mat
  artifactKey: Guid(59961c0bf1dbbef4796d0dafb4ee32cc) Importer(815301076,1909f56bfc062723c751e8b465ee728b)
Start importing Assets/Cartoon Heroes/Female/3D/Hairs/Hair_3/Materials/Female_Hair_3_Black.mat using Guid(59961c0bf1dbbef4796d0dafb4ee32cc) Importer(815301076,1909f56bfc062723c751e8b465ee728b)  -> (artifact id: '75b8ee4cc1a0ea622a6ae5c9c4767095') in 0.023518 seconds 
  Import took 0.026686 seconds .

========================================================================
Received Import Request.
  Time since last request: 0.000353 seconds.
  path: Assets/Cartoon Heroes/Female/3D/Hairs/Hair_3/Materials/Female_Hair_3_Blond.mat
  artifactKey: Guid(1a3b3b9e91a8bc4429ecab3ad2750e19) Importer(815301076,1909f56bfc062723c751e8b465ee728b)
Start importing Assets/Cartoon Heroes/Female/3D/Hairs/Hair_3/Materials/Female_Hair_3_Blond.mat using Guid(1a3b3b9e91a8bc4429ecab3ad2750e19) Importer(815301076,1909f56bfc062723c751e8b465ee728b)  -> (artifact id: 'bde1fcc1b9b4fede4139039387f9a3c1') in 0.024465 seconds 
  Import took 0.029999 seconds .

========================================================================
Received Import Request.
  Time since last request: 0.000354 seconds.
  path: Assets/Cartoon Heroes/Female/3D/Hairs/Hair_4/Materials/Female_Hair_4.mat
  artifactKey: Guid(8a658d40236949e4c9b21c3720591c35) Importer(815301076,1909f56bfc062723c751e8b465ee728b)
Start importing Assets/Cartoon Heroes/Female/3D/Hairs/Hair_4/Materials/Female_Hair_4.mat using Guid(8a658d40236949e4c9b21c3720591c35) Importer(815301076,1909f56bfc062723c751e8b465ee728b)  -> (artifact id: '0e8de79d6ae5c9d58585737758c8c20a') in 0.022840 seconds 
  Import took 0.026518 seconds .

========================================================================
Received Import Request.
  Time since last request: 0.176343 seconds.
  path: Assets/Cartoon Heroes/Female/3D/Hairs/Hair_4/Materials/Female_Hair_4_Black.mat
  artifactKey: Guid(6164e9094bb262044b435a6b01d50c9c) Importer(815301076,1909f56bfc062723c751e8b465ee728b)
Start importing Assets/Cartoon Heroes/Female/3D/Hairs/Hair_4/Materials/Female_Hair_4_Black.mat using Guid(6164e9094bb262044b435a6b01d50c9c) Importer(815301076,1909f56bfc062723c751e8b465ee728b)  -> (artifact id: 'dfb32eae50d244f4dad59e99d05d43fc') in 0.016153 seconds 
  Import took 0.020029 seconds .

========================================================================
Received Import Request.
  Time since last request: 0.002112 seconds.
  path: Assets/Cartoon Heroes/Female/3D/Hairs/Hair_4/Materials/Female_Hair_4_Blond.mat
  artifactKey: Guid(ce2dee04e0edffb40a17c020f2f36611) Importer(815301076,1909f56bfc062723c751e8b465ee728b)
Start importing Assets/Cartoon Heroes/Female/3D/Hairs/Hair_4/Materials/Female_Hair_4_Blond.mat using Guid(ce2dee04e0edffb40a17c020f2f36611) Importer(815301076,1909f56bfc062723c751e8b465ee728b)  -> (artifact id: '752027aa1d1be52b8da9c458443c226a') in 0.022383 seconds 
  Import took 0.026600 seconds .

========================================================================
Received Import Request.
  Time since last request: 0.015779 seconds.
  path: Assets/Cartoon Heroes/Female/3D/Heads/Head 1/Materials/Female_Head_1.mat
  artifactKey: Guid(09440252667b4c342a784b9f0a6feef6) Importer(815301076,1909f56bfc062723c751e8b465ee728b)
Start importing Assets/Cartoon Heroes/Female/3D/Heads/Head 1/Materials/Female_Head_1.mat using Guid(09440252667b4c342a784b9f0a6feef6) Importer(815301076,1909f56bfc062723c751e8b465ee728b)  -> (artifact id: '8052d15f7d171b15d3bb23d5db0af70d') in 0.029422 seconds 
  Import took 0.033096 seconds .

========================================================================
Received Import Request.
  Time since last request: 0.000219 seconds.
  path: Assets/Cartoon Heroes/Female/3D/Heads/Head 3/Materials/Female_Head_3.mat
  artifactKey: Guid(ebfbf2cc34f268047a75db150f7ce610) Importer(815301076,1909f56bfc062723c751e8b465ee728b)
Start importing Assets/Cartoon Heroes/Female/3D/Heads/Head 3/Materials/Female_Head_3.mat using Guid(ebfbf2cc34f268047a75db150f7ce610) Importer(815301076,1909f56bfc062723c751e8b465ee728b)  -> (artifact id: '8cb72a1978713c379e712e38073bbd77') in 0.019623 seconds 
  Import took 0.022329 seconds .

========================================================================
Received Import Request.
  Time since last request: 0.000211 seconds.
  path: Assets/Cartoon Heroes/Female/3D/Heads/Head 2/Materials/Female_Head_2.mat
  artifactKey: Guid(58907ac205715e746900f3204949981e) Importer(815301076,1909f56bfc062723c751e8b465ee728b)
Start importing Assets/Cartoon Heroes/Female/3D/Heads/Head 2/Materials/Female_Head_2.mat using Guid(58907ac205715e746900f3204949981e) Importer(815301076,1909f56bfc062723c751e8b465ee728b)  -> (artifact id: 'cee0f76f75197c6186ba22923f986076') in 0.024690 seconds 
  Import took 0.028225 seconds .

========================================================================
Received Import Request.
  Time since last request: 0.996362 seconds.
  path: Assets/Cartoon Heroes/Female/3D/Legs/Legs_1/Materials/Female_Legs_1_Black.mat
  artifactKey: Guid(ea5518aa8998669448e0248a6e42eb50) Importer(815301076,1909f56bfc062723c751e8b465ee728b)
Start importing Assets/Cartoon Heroes/Female/3D/Legs/Legs_1/Materials/Female_Legs_1_Black.mat using Guid(ea5518aa8998669448e0248a6e42eb50) Importer(815301076,1909f56bfc062723c751e8b465ee728b)  -> (artifact id: '57930ffc5b9d2c57d7c7491e4b6947ee') in 0.027336 seconds 
  Import took 0.033502 seconds .

========================================================================
Received Import Request.
  Time since last request: 0.001060 seconds.
  path: Assets/Cartoon Heroes/Female/3D/Legs/Legs_1/Materials/Female_Legs_1_Skin.mat
  artifactKey: Guid(a20e7510e6cff0e45be7939a3f97c96b) Importer(815301076,1909f56bfc062723c751e8b465ee728b)
Start importing Assets/Cartoon Heroes/Female/3D/Legs/Legs_1/Materials/Female_Legs_1_Skin.mat using Guid(a20e7510e6cff0e45be7939a3f97c96b) Importer(815301076,1909f56bfc062723c751e8b465ee728b)  -> (artifact id: '88543d11ad04780b8fe24b2813b54e58') in 0.017520 seconds 
  Import took 0.023338 seconds .

========================================================================
Received Import Request.
  Time since last request: 0.000485 seconds.
  path: Assets/Cartoon Heroes/Female/3D/Legs/Legs_1/Materials/Female_Legs_1_Skin_Covered.mat
  artifactKey: Guid(4e8cbb08ff4e44f4892a0f2976b73f55) Importer(815301076,1909f56bfc062723c751e8b465ee728b)
Start importing Assets/Cartoon Heroes/Female/3D/Legs/Legs_1/Materials/Female_Legs_1_Skin_Covered.mat using Guid(4e8cbb08ff4e44f4892a0f2976b73f55) Importer(815301076,1909f56bfc062723c751e8b465ee728b)  -> (artifact id: 'ab046415cdafa4e97aaf954527d48e25') in 0.031296 seconds 
  Import took 0.035521 seconds .

========================================================================
Received Import Request.
  Time since last request: 0.000298 seconds.
  path: Assets/Cartoon Heroes/Female/3D/Legs/Legs_2/Materials/Female_Legs_2_Brown.mat
  artifactKey: Guid(f7a7e64aed780514a91d38782fd2bbfe) Importer(815301076,1909f56bfc062723c751e8b465ee728b)
Start importing Assets/Cartoon Heroes/Female/3D/Legs/Legs_2/Materials/Female_Legs_2_Brown.mat using Guid(f7a7e64aed780514a91d38782fd2bbfe) Importer(815301076,1909f56bfc062723c751e8b465ee728b)  -> (artifact id: 'e66eb5ae83356a2e1d3db8f415c7e399') in 0.025375 seconds 
  Import took 0.028549 seconds .

========================================================================
Received Import Request.
  Time since last request: 0.000356 seconds.
  path: Assets/Cartoon Heroes/Female/3D/Legs/Legs_3/Materials/Female_Legs_3_Skin_Dark.mat
  artifactKey: Guid(38068334753dcee4995c2c60fc48dcc5) Importer(815301076,1909f56bfc062723c751e8b465ee728b)
Start importing Assets/Cartoon Heroes/Female/3D/Legs/Legs_3/Materials/Female_Legs_3_Skin_Dark.mat using Guid(38068334753dcee4995c2c60fc48dcc5) Importer(815301076,1909f56bfc062723c751e8b465ee728b)  -> (artifact id: 'dedadfe8655360f56d1748b43d1e5c2e') in 0.024931 seconds 
  Import took 0.029510 seconds .

========================================================================
Received Import Request.
  Time since last request: 0.000286 seconds.
  path: Assets/Cartoon Heroes/Female/3D/Torsos/Torso_1/Materials/Female_Torso_1_Skin.mat
  artifactKey: Guid(1f4eb2ee258d00f46b7e2c217f2996eb) Importer(815301076,1909f56bfc062723c751e8b465ee728b)
Start importing Assets/Cartoon Heroes/Female/3D/Torsos/Torso_1/Materials/Female_Torso_1_Skin.mat using Guid(1f4eb2ee258d00f46b7e2c217f2996eb) Importer(815301076,1909f56bfc062723c751e8b465ee728b)  -> (artifact id: 'e9532dfde89de75a9920b3662fdb8262') in 0.017692 seconds 
  Import took 0.020565 seconds .

========================================================================
Received Import Request.
  Time since last request: 0.000222 seconds.
  path: Assets/Cartoon Heroes/Female/3D/Torsos/Torso_1/Materials/Female_Torso_1_Blue.mat
  artifactKey: Guid(3133fd49998134d468b65d0d0208fb5e) Importer(815301076,1909f56bfc062723c751e8b465ee728b)
Start importing Assets/Cartoon Heroes/Female/3D/Torsos/Torso_1/Materials/Female_Torso_1_Blue.mat using Guid(3133fd49998134d468b65d0d0208fb5e) Importer(815301076,1909f56bfc062723c751e8b465ee728b)  -> (artifact id: '223e4b5a113056f7e69fcac53534fe9d') in 0.258584 seconds 
  Import took 0.261443 seconds .

========================================================================
Received Import Request.
  Time since last request: 0.000245 seconds.
  path: Assets/Meshtint Free Knight/Materials/Grid.mat
  artifactKey: Guid(83d6308377af6b14fb533010a9228692) Importer(815301076,1909f56bfc062723c751e8b465ee728b)
Start importing Assets/Meshtint Free Knight/Materials/Grid.mat using Guid(83d6308377af6b14fb533010a9228692) Importer(815301076,1909f56bfc062723c751e8b465ee728b)  -> (artifact id: '03117617da01b815d56143b46515e303') in 0.011584 seconds 
  Import took 0.014637 seconds .

========================================================================
Received Import Request.
  Time since last request: 0.000203 seconds.
  path: Assets/Cartoon Heroes/Male/3D/Legs/Legs_3/Materials/Male_Legs_3_Black.mat
  artifactKey: Guid(9f9a7472d5f04a5488049cb8142fcc0f) Importer(815301076,1909f56bfc062723c751e8b465ee728b)
Start importing Assets/Cartoon Heroes/Male/3D/Legs/Legs_3/Materials/Male_Legs_3_Black.mat using Guid(9f9a7472d5f04a5488049cb8142fcc0f) Importer(815301076,1909f56bfc062723c751e8b465ee728b)  -> (artifact id: 'b631d54fea3b3ac1695ffd921d59e25c') in 0.024979 seconds 
  Import took 0.027847 seconds .

========================================================================
Received Import Request.
  Time since last request: 0.000225 seconds.
  path: Assets/Cartoon Heroes/Male/3D/Torsos/Torso_1/Materials/Male_Torso_1_Green.mat
  artifactKey: Guid(62a60473b9d13bc43952441c4cfa8e0a) Importer(815301076,1909f56bfc062723c751e8b465ee728b)
Start importing Assets/Cartoon Heroes/Male/3D/Torsos/Torso_1/Materials/Male_Torso_1_Green.mat using Guid(62a60473b9d13bc43952441c4cfa8e0a) Importer(815301076,1909f56bfc062723c751e8b465ee728b)  -> (artifact id: '8cceddf085efd246baed752800b8de9c') in 0.026696 seconds 
  Import took 0.029993 seconds .

========================================================================
Received Import Request.
  Time since last request: 0.000286 seconds.
  path: Assets/Cartoon Heroes/Male/3D/Legs/Legs_2/Materials/Male_Legs_2_Brown.mat
  artifactKey: Guid(a8da38c631b457644976e7c700997dfa) Importer(815301076,1909f56bfc062723c751e8b465ee728b)
Start importing Assets/Cartoon Heroes/Male/3D/Legs/Legs_2/Materials/Male_Legs_2_Brown.mat using Guid(a8da38c631b457644976e7c700997dfa) Importer(815301076,1909f56bfc062723c751e8b465ee728b)  -> (artifact id: 'b1f6f866627d94d9ee0ad035a0dea612') in 0.021384 seconds 
  Import took 0.025311 seconds .

========================================================================
Received Import Request.
  Time since last request: 0.000197 seconds.
  path: Assets/Cartoon Heroes/Male/3D/Torsos/Torso_1/Materials/Male_Torso_1_Blue.mat
  artifactKey: Guid(9f874ffaba85f234389775ed49b4e691) Importer(815301076,1909f56bfc062723c751e8b465ee728b)
Start importing Assets/Cartoon Heroes/Male/3D/Torsos/Torso_1/Materials/Male_Torso_1_Blue.mat using Guid(9f874ffaba85f234389775ed49b4e691) Importer(815301076,1909f56bfc062723c751e8b465ee728b)  -> (artifact id: 'f5939762cffbc0ed527908376434edf7') in 0.024603 seconds 
  Import took 0.027395 seconds .

========================================================================
Received Import Request.
  Time since last request: 0.000218 seconds.
  path: Assets/Cartoon Heroes/Male/3D/Torsos/Torso_2/Materials/Male_Torso_2_Skin_Light.mat
  artifactKey: Guid(5025593c45d07cb46b19e4f6d9b44d55) Importer(815301076,1909f56bfc062723c751e8b465ee728b)
Start importing Assets/Cartoon Heroes/Male/3D/Torsos/Torso_2/Materials/Male_Torso_2_Skin_Light.mat using Guid(5025593c45d07cb46b19e4f6d9b44d55) Importer(815301076,1909f56bfc062723c751e8b465ee728b)  -> (artifact id: 'f1c382e49b133d290c0d7fdebb2f27c6') in 0.023520 seconds 
  Import took 0.026219 seconds .

========================================================================
Received Import Request.
  Time since last request: 0.000223 seconds.
  path: Assets/Cartoon Heroes/Male/3D/Legs/Base Legs/Materials/Male_Base_Legs.mat
  artifactKey: Guid(23196e6ae5105fa43b40a378c01b1683) Importer(815301076,1909f56bfc062723c751e8b465ee728b)
Start importing Assets/Cartoon Heroes/Male/3D/Legs/Base Legs/Materials/Male_Base_Legs.mat using Guid(23196e6ae5105fa43b40a378c01b1683) Importer(815301076,1909f56bfc062723c751e8b465ee728b)  -> (artifact id: '216045a046f86d31aaf48977a899b717') in 0.021006 seconds 
  Import took 0.024021 seconds .

========================================================================
Received Import Request.
  Time since last request: 0.000293 seconds.
  path: Assets/Cartoon Heroes/Male/3D/Torsos/Base Torso/Materials/Male_Base_Torso.mat
  artifactKey: Guid(dad6ecf4df825004897244446133fa7d) Importer(815301076,1909f56bfc062723c751e8b465ee728b)
Start importing Assets/Cartoon Heroes/Male/3D/Torsos/Base Torso/Materials/Male_Base_Torso.mat using Guid(dad6ecf4df825004897244446133fa7d) Importer(815301076,1909f56bfc062723c751e8b465ee728b)  -> (artifact id: '941f98b78292414523ac1f70968c46e4') in 0.026484 seconds 
  Import took 0.029851 seconds .

========================================================================
Received Import Request.
  Time since last request: 0.000218 seconds.
  path: Assets/Cartoon Heroes/Male/3D/Torsos/Torso_1/Materials/Male_Torso_1_Red.mat
  artifactKey: Guid(39d2188cf8e2a22439f65bce096b068f) Importer(815301076,1909f56bfc062723c751e8b465ee728b)
Start importing Assets/Cartoon Heroes/Male/3D/Torsos/Torso_1/Materials/Male_Torso_1_Red.mat using Guid(39d2188cf8e2a22439f65bce096b068f) Importer(815301076,1909f56bfc062723c751e8b465ee728b)  -> (artifact id: 'a607452b67273e2e8c6a609e396e2a5c') in 0.027848 seconds 
  Import took 0.030744 seconds .

========================================================================
Received Import Request.
  Time since last request: 0.000254 seconds.
  path: Assets/Cartoon Heroes/Male/3D/Torsos/Base Torso/Materials/Male_Base_Torso_Dark.mat
  artifactKey: Guid(ed4301b3acf796f44891aaa0439ac07e) Importer(815301076,1909f56bfc062723c751e8b465ee728b)
Start importing Assets/Cartoon Heroes/Male/3D/Torsos/Base Torso/Materials/Male_Base_Torso_Dark.mat using Guid(ed4301b3acf796f44891aaa0439ac07e) Importer(815301076,1909f56bfc062723c751e8b465ee728b)  -> (artifact id: '96f2767e7b85ca9eb828b522a62b0a33') in 0.021296 seconds 
  Import took 0.026224 seconds .

========================================================================
Received Import Request.
  Time since last request: 0.000249 seconds.
  path: Assets/Cartoon Heroes/Female/3D/Torsos/Torso_2/Materials/Female_Torso_2_Skin.mat
  artifactKey: Guid(d5617c5bbd0c5b84d817bd31a677be99) Importer(815301076,1909f56bfc062723c751e8b465ee728b)
Start importing Assets/Cartoon Heroes/Female/3D/Torsos/Torso_2/Materials/Female_Torso_2_Skin.mat using Guid(d5617c5bbd0c5b84d817bd31a677be99) Importer(815301076,1909f56bfc062723c751e8b465ee728b)  -> (artifact id: '19a4861e9239e5178269099f9fd849ac') in 0.017965 seconds 
  Import took 0.021369 seconds .

========================================================================
Received Import Request.
  Time since last request: 0.000215 seconds.
  path: Assets/Cartoon Heroes/Female/3D/Legs/Legs_3/Materials/Female_Legs_3_White.mat
  artifactKey: Guid(99c3634b11543fa409a72a1266473ff7) Importer(815301076,1909f56bfc062723c751e8b465ee728b)
Start importing Assets/Cartoon Heroes/Female/3D/Legs/Legs_3/Materials/Female_Legs_3_White.mat using Guid(99c3634b11543fa409a72a1266473ff7) Importer(815301076,1909f56bfc062723c751e8b465ee728b)  -> (artifact id: '1a5ec8a5a89d0dbac54d5263d446ac79') in 0.028103 seconds 
  Import took 0.030845 seconds .

========================================================================
Received Import Request.
  Time since last request: 0.000250 seconds.
  path: Assets/Cartoon Heroes/Male/3D/Heads/Head_3/Materials/Male_Head_3.mat
  artifactKey: Guid(5dcf0ed991d705f49b5f5977b57cb520) Importer(815301076,1909f56bfc062723c751e8b465ee728b)
Start importing Assets/Cartoon Heroes/Male/3D/Heads/Head_3/Materials/Male_Head_3.mat using Guid(5dcf0ed991d705f49b5f5977b57cb520) Importer(815301076,1909f56bfc062723c751e8b465ee728b)  -> (artifact id: '9acf67459f85aaf72a8c15b4e770dd9a') in 0.022565 seconds 
  Import took 0.026029 seconds .

========================================================================
Received Import Request.
  Time since last request: 0.000245 seconds.
  path: Assets/Cartoon Heroes/Male/3D/Hairs/Hair_1/Materials/Male_Hair_1_Blond.mat
  artifactKey: Guid(4d95781dcd39c66428a7fae43b646325) Importer(815301076,1909f56bfc062723c751e8b465ee728b)
Start importing Assets/Cartoon Heroes/Male/3D/Hairs/Hair_1/Materials/Male_Hair_1_Blond.mat using Guid(4d95781dcd39c66428a7fae43b646325) Importer(815301076,1909f56bfc062723c751e8b465ee728b)  -> (artifact id: 'f9b424b6afa188b29a17e241121976e8') in 0.022458 seconds 
  Import took 0.025804 seconds .

========================================================================
Received Import Request.
  Time since last request: 0.000218 seconds.
  path: Assets/Cartoon Heroes/Male/3D/Legs/Legs_2/Materials/Male_Legs_2_Black.mat
  artifactKey: Guid(959ddde271455ab4c975f33ed1927d44) Importer(815301076,1909f56bfc062723c751e8b465ee728b)
Start importing Assets/Cartoon Heroes/Male/3D/Legs/Legs_2/Materials/Male_Legs_2_Black.mat using Guid(959ddde271455ab4c975f33ed1927d44) Importer(815301076,1909f56bfc062723c751e8b465ee728b)  -> (artifact id: '4a4c5f93a0e43048ae613e315df84df7') in 0.031169 seconds 
  Import took 0.037025 seconds .

========================================================================
Received Import Request.
  Time since last request: 0.000254 seconds.
  path: Assets/Cartoon Heroes/Male/3D/Torsos/Torso_3/Materials/Male_Torso_3_Red.mat
  artifactKey: Guid(25f2cceb2a04952488e0ca7a42f2411a) Importer(815301076,1909f56bfc062723c751e8b465ee728b)
Start importing Assets/Cartoon Heroes/Male/3D/Torsos/Torso_3/Materials/Male_Torso_3_Red.mat using Guid(25f2cceb2a04952488e0ca7a42f2411a) Importer(815301076,1909f56bfc062723c751e8b465ee728b)  -> (artifact id: '523c1530994390e385f3356d778d5f0c') in 0.025026 seconds 
  Import took 0.029969 seconds .

========================================================================
Received Import Request.
  Time since last request: 0.000541 seconds.
  path: Assets/Cartoon Heroes/Female/3D/Torsos/Torso_3/Materials/Female_Torso_3_Blue.mat
  artifactKey: Guid(99be721522d8cd244a5d60f0d28d2d3b) Importer(815301076,1909f56bfc062723c751e8b465ee728b)
Start importing Assets/Cartoon Heroes/Female/3D/Torsos/Torso_3/Materials/Female_Torso_3_Blue.mat using Guid(99be721522d8cd244a5d60f0d28d2d3b) Importer(815301076,1909f56bfc062723c751e8b465ee728b)  -> (artifact id: '8194b386d8493d5d29b38dc7013127a3') in 0.034543 seconds 
  Import took 0.045346 seconds .

========================================================================
Received Import Request.
  Time since last request: 0.000348 seconds.
  path: Assets/Cartoon Heroes/Female/3D/Torsos/Torso_3/Materials/Female_Torso_3_Skin_Dark.mat
  artifactKey: Guid(8a29e495fdc66de448285d98bc2e0cab) Importer(815301076,1909f56bfc062723c751e8b465ee728b)
Start importing Assets/Cartoon Heroes/Female/3D/Torsos/Torso_3/Materials/Female_Torso_3_Skin_Dark.mat using Guid(8a29e495fdc66de448285d98bc2e0cab) Importer(815301076,1909f56bfc062723c751e8b465ee728b)  -> (artifact id: 'ec6b40e48c0f5601848490f4037e9e46') in 0.029919 seconds 
  Import took 0.034371 seconds .

========================================================================
Received Import Request.
  Time since last request: 0.000225 seconds.
  path: Assets/Cartoon Heroes/Male/3D/Torsos/Torso_2/Materials/Male_Torso_2_Blue.mat
  artifactKey: Guid(82e49f9e37249c74392c3fb56ce726fa) Importer(815301076,1909f56bfc062723c751e8b465ee728b)
Start importing Assets/Cartoon Heroes/Male/3D/Torsos/Torso_2/Materials/Male_Torso_2_Blue.mat using Guid(82e49f9e37249c74392c3fb56ce726fa) Importer(815301076,1909f56bfc062723c751e8b465ee728b)  -> (artifact id: '8a437a7308c35cad48a6b86093a445e5') in 0.042443 seconds 
  Import took 0.045329 seconds .

========================================================================
Received Import Request.
  Time since last request: 0.000279 seconds.
  path: Assets/Cartoon Heroes/Male/3D/Hairs/Hair_3/Materials/Male_Hair_3_Blond.mat
  artifactKey: Guid(a4c26117dbf37a34a80066325bfb05fd) Importer(815301076,1909f56bfc062723c751e8b465ee728b)
Start importing Assets/Cartoon Heroes/Male/3D/Hairs/Hair_3/Materials/Male_Hair_3_Blond.mat using Guid(a4c26117dbf37a34a80066325bfb05fd) Importer(815301076,1909f56bfc062723c751e8b465ee728b)  -> (artifact id: '246ecf15c7fb373b51c026ada453ff7d') in 0.031392 seconds 
  Import took 0.034393 seconds .

========================================================================
Received Import Request.
  Time since last request: 0.000256 seconds.
  path: Assets/Cartoon Heroes/Female/3D/Torsos/Torso_2/Materials/Female_Torso_2_Green.mat
  artifactKey: Guid(36e85cc99a1790b41a147803cc76eb4d) Importer(815301076,1909f56bfc062723c751e8b465ee728b)
Start importing Assets/Cartoon Heroes/Female/3D/Torsos/Torso_2/Materials/Female_Torso_2_Green.mat using Guid(36e85cc99a1790b41a147803cc76eb4d) Importer(815301076,1909f56bfc062723c751e8b465ee728b)  -> (artifact id: '6a6dc87f984b0009de5eb3bfe90c2e12') in 0.015990 seconds 
  Import took 0.052828 seconds .

========================================================================
Received Import Request.
  Time since last request: 0.000266 seconds.
  path: Assets/Cartoon Heroes/Female/3D/Torsos/Torso_1/Materials/Female_Torso_1_Green.mat
  artifactKey: Guid(26889b2f294a8a74a865631bc0dff45d) Importer(815301076,1909f56bfc062723c751e8b465ee728b)
Start importing Assets/Cartoon Heroes/Female/3D/Torsos/Torso_1/Materials/Female_Torso_1_Green.mat using Guid(26889b2f294a8a74a865631bc0dff45d) Importer(815301076,1909f56bfc062723c751e8b465ee728b)  -> (artifact id: '626231c943b8dfe31942d4bd47b875c8') in 0.027752 seconds 
  Import took 0.030460 seconds .

========================================================================
Received Import Request.
  Time since last request: 0.000207 seconds.
  path: Assets/Cartoon Heroes/Female/3D/Torsos/Torso_1/Materials/Female_Torso_1_Skin_Dark.mat
  artifactKey: Guid(40c80b68cce95f249b8dc8292a209132) Importer(815301076,1909f56bfc062723c751e8b465ee728b)
Start importing Assets/Cartoon Heroes/Female/3D/Torsos/Torso_1/Materials/Female_Torso_1_Skin_Dark.mat using Guid(40c80b68cce95f249b8dc8292a209132) Importer(815301076,1909f56bfc062723c751e8b465ee728b)  -> (artifact id: '64379f4e6237446eb81e60d5f12f04fc') in 0.023962 seconds 
  Import took 0.027324 seconds .

========================================================================
Received Import Request.
  Time since last request: 0.000851 seconds.
  path: Assets/Cartoon Heroes/Male/3D/Legs/Legs_1/Materials/Male_Legs_1_Brown.mat
  artifactKey: Guid(c58d0c3b49703fb49ab47e236ee66207) Importer(815301076,1909f56bfc062723c751e8b465ee728b)
Start importing Assets/Cartoon Heroes/Male/3D/Legs/Legs_1/Materials/Male_Legs_1_Brown.mat using Guid(c58d0c3b49703fb49ab47e236ee66207) Importer(815301076,1909f56bfc062723c751e8b465ee728b)  -> (artifact id: 'e5eb616630a7daed80ae4edd0825a433') in 0.024446 seconds 
  Import took 0.028133 seconds .

========================================================================
Received Import Request.
  Time since last request: 0.000215 seconds.
  path: Assets/Cartoon Heroes/Male/3D/Legs/Base Legs/Materials/Male_Base_Legs_Dark.mat
  artifactKey: Guid(2a6250889f14e5641bc142b970738c8f) Importer(815301076,1909f56bfc062723c751e8b465ee728b)
Start importing Assets/Cartoon Heroes/Male/3D/Legs/Base Legs/Materials/Male_Base_Legs_Dark.mat using Guid(2a6250889f14e5641bc142b970738c8f) Importer(815301076,1909f56bfc062723c751e8b465ee728b)  -> (artifact id: 'bcb48e2dad034d22a8ffc3ae0624ab45') in 0.028612 seconds 
  Import took 0.031341 seconds .

========================================================================
Received Import Request.
  Time since last request: 0.000245 seconds.
  path: Assets/Cartoon Heroes/Male/3D/Hairs/Hair_2/Materials/Male_Hair_2_Blonde.mat
  artifactKey: Guid(af88f57f60f5dec468277d3b143f7179) Importer(815301076,1909f56bfc062723c751e8b465ee728b)
Start importing Assets/Cartoon Heroes/Male/3D/Hairs/Hair_2/Materials/Male_Hair_2_Blonde.mat using Guid(af88f57f60f5dec468277d3b143f7179) Importer(815301076,1909f56bfc062723c751e8b465ee728b)  -> (artifact id: '21b3a9fba4aeb4b8e38906fcbaaf6557') in 0.028578 seconds 
  Import took 0.031342 seconds .

========================================================================
Received Import Request.
  Time since last request: 0.000227 seconds.
  path: Assets/Cartoon Heroes/Female/3D/Torsos/Torso_2/Materials/Female_Torso_2_Red.mat
  artifactKey: Guid(66890726b3c012448b88441882d6efc0) Importer(815301076,1909f56bfc062723c751e8b465ee728b)
Start importing Assets/Cartoon Heroes/Female/3D/Torsos/Torso_2/Materials/Female_Torso_2_Red.mat using Guid(66890726b3c012448b88441882d6efc0) Importer(815301076,1909f56bfc062723c751e8b465ee728b)  -> (artifact id: '34276a9186ce0d6001796eb2c2f18d28') in 0.027874 seconds 
  Import took 0.030825 seconds .

========================================================================
Received Import Request.
  Time since last request: 0.000964 seconds.
  path: Assets/Cartoon Heroes/Male/3D/Torsos/Torso_1/Materials/Male_Torso_1_Skin_Light.mat
  artifactKey: Guid(43696d17fd476f64b9e9cd9a66c61855) Importer(815301076,1909f56bfc062723c751e8b465ee728b)
Start importing Assets/Cartoon Heroes/Male/3D/Torsos/Torso_1/Materials/Male_Torso_1_Skin_Light.mat using Guid(43696d17fd476f64b9e9cd9a66c61855) Importer(815301076,1909f56bfc062723c751e8b465ee728b)  -> (artifact id: '88dc4eda999d2a3af0f87c5832f9b969') in 0.024694 seconds 
  Import took 0.028160 seconds .

========================================================================
Received Import Request.
  Time since last request: 0.000216 seconds.
  path: Assets/Cartoon Heroes/Male/3D/Torsos/Torso_1/Materials/Male_Torso_1_Skin_Dark.mat
  artifactKey: Guid(9f9e78354a8976441a8e0071b4325b5d) Importer(815301076,1909f56bfc062723c751e8b465ee728b)
Start importing Assets/Cartoon Heroes/Male/3D/Torsos/Torso_1/Materials/Male_Torso_1_Skin_Dark.mat using Guid(9f9e78354a8976441a8e0071b4325b5d) Importer(815301076,1909f56bfc062723c751e8b465ee728b)  -> (artifact id: 'a0426f9da2ff2b83be611bc395282e12') in 0.031276 seconds 
  Import took 0.033918 seconds .

========================================================================
Received Import Request.
  Time since last request: 0.000239 seconds.
  path: Assets/Cartoon Heroes/Male/3D/Torsos/Torso_2/Materials/Male_Torso_2_Red.mat
  artifactKey: Guid(8f8cf135fad1074439bca6bcf1ff6ed5) Importer(815301076,1909f56bfc062723c751e8b465ee728b)
Start importing Assets/Cartoon Heroes/Male/3D/Torsos/Torso_2/Materials/Male_Torso_2_Red.mat using Guid(8f8cf135fad1074439bca6bcf1ff6ed5) Importer(815301076,1909f56bfc062723c751e8b465ee728b)  -> (artifact id: 'f977b58d2a6091c3a853c058799f37f1') in 0.025324 seconds 
  Import took 0.030753 seconds .

========================================================================
Received Import Request.
  Time since last request: 0.000290 seconds.
  path: Assets/Cartoon Heroes/Male/3D/Torsos/Torso_2/Materials/Male_Torso_2_Skin.mat
  artifactKey: Guid(7be2f6e0a2d76d14f9f522f2c2b22809) Importer(815301076,1909f56bfc062723c751e8b465ee728b)
Start importing Assets/Cartoon Heroes/Male/3D/Torsos/Torso_2/Materials/Male_Torso_2_Skin.mat using Guid(7be2f6e0a2d76d14f9f522f2c2b22809) Importer(815301076,1909f56bfc062723c751e8b465ee728b)  -> (artifact id: '417b003d716bb748eea230a9a608d093') in 0.025635 seconds 
  Import took 0.028773 seconds .

========================================================================
Received Import Request.
  Time since last request: 0.000306 seconds.
  path: Assets/Cartoon Heroes/Male/3D/Torsos/Torso_3/Materials/Male_Torso_3_Skin.mat
  artifactKey: Guid(355546449968e09468eedf8f222f7052) Importer(815301076,1909f56bfc062723c751e8b465ee728b)
Start importing Assets/Cartoon Heroes/Male/3D/Torsos/Torso_3/Materials/Male_Torso_3_Skin.mat using Guid(355546449968e09468eedf8f222f7052) Importer(815301076,1909f56bfc062723c751e8b465ee728b)  -> (artifact id: 'a93b769f76b03307c2818b7e99b30e8a') in 0.027105 seconds 
  Import took 0.030810 seconds .

========================================================================
Received Import Request.
  Time since last request: 0.000210 seconds.
  path: Assets/Cartoon Heroes/Female/3D/Legs/Legs_3/Materials/Female_Legs_3_Skin.mat
  artifactKey: Guid(601140f306d677c4486cd3e4217c2ba4) Importer(815301076,1909f56bfc062723c751e8b465ee728b)
Start importing Assets/Cartoon Heroes/Female/3D/Legs/Legs_3/Materials/Female_Legs_3_Skin.mat using Guid(601140f306d677c4486cd3e4217c2ba4) Importer(815301076,1909f56bfc062723c751e8b465ee728b)  -> (artifact id: '1c0524d295861f6f2b1f073c8e4d4416') in 0.027561 seconds 
  Import took 0.030344 seconds .

========================================================================
Received Import Request.
  Time since last request: 0.000199 seconds.
  path: Assets/Cartoon Heroes/Male/3D/Hairs/Hair_1/Materials/Male_Hair_1_Black.mat
  artifactKey: Guid(55ad61842b02c3a45871931aaa2a255e) Importer(815301076,1909f56bfc062723c751e8b465ee728b)
Start importing Assets/Cartoon Heroes/Male/3D/Hairs/Hair_1/Materials/Male_Hair_1_Black.mat using Guid(55ad61842b02c3a45871931aaa2a255e) Importer(815301076,1909f56bfc062723c751e8b465ee728b)  -> (artifact id: '5ef5be734f4c96a91235209e4d0a13ac') in 0.026030 seconds 
  Import took 0.028844 seconds .

========================================================================
Received Import Request.
  Time since last request: 0.000228 seconds.
  path: Assets/Cartoon Heroes/Male/3D/Torsos/Torso_3/Materials/Male_Torso_3_Blue.mat
  artifactKey: Guid(37bcbdfc82c10ac4eba9464ac59c7218) Importer(815301076,1909f56bfc062723c751e8b465ee728b)
Start importing Assets/Cartoon Heroes/Male/3D/Torsos/Torso_3/Materials/Male_Torso_3_Blue.mat using Guid(37bcbdfc82c10ac4eba9464ac59c7218) Importer(815301076,1909f56bfc062723c751e8b465ee728b)  -> (artifact id: '562f5997df990234b6943dc22d22699c') in 0.023855 seconds 
  Import took 0.030000 seconds .

========================================================================
Received Import Request.
  Time since last request: 0.000257 seconds.
  path: Assets/Cartoon Heroes/Female/3D/Torsos/Torso_1/Materials/Female_Torso_1_Red.mat
  artifactKey: Guid(4ba498ce1f827be4f8ee1ff7f788e38e) Importer(815301076,1909f56bfc062723c751e8b465ee728b)
Start importing Assets/Cartoon Heroes/Female/3D/Torsos/Torso_1/Materials/Female_Torso_1_Red.mat using Guid(4ba498ce1f827be4f8ee1ff7f788e38e) Importer(815301076,1909f56bfc062723c751e8b465ee728b)  -> (artifact id: '0ceb48c70073c89a4255f9e4fbb5c903') in 0.027904 seconds 
  Import took 0.031956 seconds .

========================================================================
Received Import Request.
  Time since last request: 0.000226 seconds.
  path: Assets/Cartoon Heroes/Male/3D/Hairs/Hair_3/Materials/Male_Hair_3.mat
  artifactKey: Guid(2df24410c0acf71478ccaedd025142ee) Importer(815301076,1909f56bfc062723c751e8b465ee728b)
Start importing Assets/Cartoon Heroes/Male/3D/Hairs/Hair_3/Materials/Male_Hair_3.mat using Guid(2df24410c0acf71478ccaedd025142ee) Importer(815301076,1909f56bfc062723c751e8b465ee728b)  -> (artifact id: '1bb67a8d5977cda2bcbf49a597dc22d9') in 0.025680 seconds 
  Import took 0.028797 seconds .

========================================================================
Received Import Request.
  Time since last request: 0.000278 seconds.
  path: Assets/Cartoon Heroes/Female/3D/Legs/Legs_1/Materials/Female_Legs_1_Skin_Light.mat
  artifactKey: Guid(350a99ec045aeee4fa6fa4bbe322891a) Importer(815301076,1909f56bfc062723c751e8b465ee728b)
Start importing Assets/Cartoon Heroes/Female/3D/Legs/Legs_1/Materials/Female_Legs_1_Skin_Light.mat using Guid(350a99ec045aeee4fa6fa4bbe322891a) Importer(815301076,1909f56bfc062723c751e8b465ee728b)  -> (artifact id: 'c0f5908f1aa21219abef3205d5f9abc7') in 0.020734 seconds 
  Import took 0.027162 seconds .

========================================================================
Received Import Request.
  Time since last request: 0.000251 seconds.
  path: Assets/Cartoon Heroes/Female/3D/Torsos/Torso_3/Materials/Female_Torso_3_Skin_Light.mat
  artifactKey: Guid(995fa9817298ca545bc26a3f375b925b) Importer(815301076,1909f56bfc062723c751e8b465ee728b)
Start importing Assets/Cartoon Heroes/Female/3D/Torsos/Torso_3/Materials/Female_Torso_3_Skin_Light.mat using Guid(995fa9817298ca545bc26a3f375b925b) Importer(815301076,1909f56bfc062723c751e8b465ee728b)  -> (artifact id: '8984f4bec2f5a1e821e3919668bb4b6b') in 0.032100 seconds 
  Import took 0.035706 seconds .

========================================================================
Received Import Request.
  Time since last request: 0.000255 seconds.
  path: Assets/Cartoon Heroes/Female/3D/Torsos/Torso_2/Materials/Female_Torso_2_Skin_Dark.mat
  artifactKey: Guid(d04e539da360a9c40b26116846f5f1da) Importer(815301076,1909f56bfc062723c751e8b465ee728b)
Start importing Assets/Cartoon Heroes/Female/3D/Torsos/Torso_2/Materials/Female_Torso_2_Skin_Dark.mat using Guid(d04e539da360a9c40b26116846f5f1da) Importer(815301076,1909f56bfc062723c751e8b465ee728b)  -> (artifact id: '6fac5f10266e77817ecb1d0067168677') in 0.025522 seconds 
  Import took 0.028438 seconds .

========================================================================
Received Import Request.
  Time since last request: 0.000645 seconds.
  path: Assets/Cartoon Heroes/Male/3D/Hairs/Hair_1/Materials/Male_Hair_1.mat
  artifactKey: Guid(780edec6694115d46b5cedff31487a70) Importer(815301076,1909f56bfc062723c751e8b465ee728b)
Start importing Assets/Cartoon Heroes/Male/3D/Hairs/Hair_1/Materials/Male_Hair_1.mat using Guid(780edec6694115d46b5cedff31487a70) Importer(815301076,1909f56bfc062723c751e8b465ee728b)  -> (artifact id: 'dec0e8d521855c68c4ff91242080d05a') in 0.017229 seconds 
  Import took 0.020121 seconds .

========================================================================
Received Import Request.
  Time since last request: 0.000402 seconds.
  path: Assets/Cartoon Heroes/Male/3D/Torsos/Torso_3/Materials/Male_Torso_3_Green.mat
  artifactKey: Guid(fdec2c3ab74384b42b9a7599377e1a8a) Importer(815301076,1909f56bfc062723c751e8b465ee728b)
Start importing Assets/Cartoon Heroes/Male/3D/Torsos/Torso_3/Materials/Male_Torso_3_Green.mat using Guid(fdec2c3ab74384b42b9a7599377e1a8a) Importer(815301076,1909f56bfc062723c751e8b465ee728b)  -> (artifact id: '689aeac1e58d8acd7d2dc54c4e110fde') in 0.023205 seconds 
  Import took 0.026731 seconds .

========================================================================
Received Import Request.
  Time since last request: 0.000364 seconds.
  path: Assets/Cartoon Heroes/Male/3D/Torsos/Torso_3/Materials/Male_Torso_3_Skin_Light.mat
  artifactKey: Guid(b2d892d9d11efc4459aae41c70799123) Importer(815301076,1909f56bfc062723c751e8b465ee728b)
Start importing Assets/Cartoon Heroes/Male/3D/Torsos/Torso_3/Materials/Male_Torso_3_Skin_Light.mat using Guid(b2d892d9d11efc4459aae41c70799123) Importer(815301076,1909f56bfc062723c751e8b465ee728b)  -> (artifact id: 'b404dc3136b606eddafebf98543a7857') in 0.020014 seconds 
  Import took 0.023128 seconds .

========================================================================
Received Import Request.
  Time since last request: 0.000224 seconds.
  path: Assets/Cartoon Heroes/Male/3D/Animation Skeleton/Male_Animation_Skeleton.FBX
  artifactKey: Guid(7e30eee73c241d5448ce0ac372cf6602) Importer(815301076,1909f56bfc062723c751e8b465ee728b)
Start importing Assets/Cartoon Heroes/Male/3D/Animation Skeleton/Male_Animation_Skeleton.FBX using Guid(7e30eee73c241d5448ce0ac372cf6602) Importer(815301076,1909f56bfc062723c751e8b465ee728b)  -> (artifact id: '06cc930f148412cfddff569c00ce930d') in 0.090480 seconds 
  Import took 0.094537 seconds .

========================================================================
Received Import Request.
  Time since last request: 0.000255 seconds.
  path: Assets/Cartoon Heroes/Male/3D/Torsos/Torso_2/Materials/Male_Torso_2_Skin_Dark.mat
  artifactKey: Guid(55134133c3091444787da717cce68fa6) Importer(815301076,1909f56bfc062723c751e8b465ee728b)
Start importing Assets/Cartoon Heroes/Male/3D/Torsos/Torso_2/Materials/Male_Torso_2_Skin_Dark.mat using Guid(55134133c3091444787da717cce68fa6) Importer(815301076,1909f56bfc062723c751e8b465ee728b)  -> (artifact id: '2fbab0190fdead61c7f5b6a1025f47b4') in 0.030101 seconds 
  Import took 0.035855 seconds .

========================================================================
Received Import Request.
  Time since last request: 0.000310 seconds.
  path: Assets/Cartoon Heroes/Female/3D/Torsos/Torso_2/Materials/Female_Torso_2_Yellow.mat
  artifactKey: Guid(7d8a3324128cefb4c9079c7e9ee05c54) Importer(815301076,1909f56bfc062723c751e8b465ee728b)
Start importing Assets/Cartoon Heroes/Female/3D/Torsos/Torso_2/Materials/Female_Torso_2_Yellow.mat using Guid(7d8a3324128cefb4c9079c7e9ee05c54) Importer(815301076,1909f56bfc062723c751e8b465ee728b)  -> (artifact id: 'f4a55b22c2f3eb27d8d99de0e7c91959') in 0.027183 seconds 
  Import took 0.031877 seconds .

========================================================================
Received Import Request.
  Time since last request: 0.000223 seconds.
  path: Assets/Cartoon Heroes/Male/3D/Legs/Base Legs/Materials/Male_Base_Legs_Light.mat
  artifactKey: Guid(f7eb11e091042684182d66076672e377) Importer(815301076,1909f56bfc062723c751e8b465ee728b)
Start importing Assets/Cartoon Heroes/Male/3D/Legs/Base Legs/Materials/Male_Base_Legs_Light.mat using Guid(f7eb11e091042684182d66076672e377) Importer(815301076,1909f56bfc062723c751e8b465ee728b)  -> (artifact id: '828a266fa3fb036f77a0cab9376a45b8') in 0.018846 seconds 
  Import took 0.022227 seconds .

========================================================================
Received Import Request.
  Time since last request: 0.000323 seconds.
  path: Assets/Cartoon Heroes/Female/3D/Torsos/Torso_1/Materials/Female_Torso_1_Skin_Light.mat
  artifactKey: Guid(c4fdb086805e2364bb9eee9da1f6981f) Importer(815301076,1909f56bfc062723c751e8b465ee728b)
Start importing Assets/Cartoon Heroes/Female/3D/Torsos/Torso_1/Materials/Female_Torso_1_Skin_Light.mat using Guid(c4fdb086805e2364bb9eee9da1f6981f) Importer(815301076,1909f56bfc062723c751e8b465ee728b)  -> (artifact id: '6a6a628c5b05c032f95ad75b5c529e31') in 0.017023 seconds 
  Import took 0.023429 seconds .

========================================================================
Received Import Request.
  Time since last request: 0.000248 seconds.
  path: Assets/Cartoon Heroes/Male/3D/Hairs/Hair_2/Materials/Male_Hair_2_Black.mat
  artifactKey: Guid(54ba8979fb35af640a8918811cc62a83) Importer(815301076,1909f56bfc062723c751e8b465ee728b)
Start importing Assets/Cartoon Heroes/Male/3D/Hairs/Hair_2/Materials/Male_Hair_2_Black.mat using Guid(54ba8979fb35af640a8918811cc62a83) Importer(815301076,1909f56bfc062723c751e8b465ee728b)  -> (artifact id: 'a52a2579325059826e6dd2620bdc10ec') in 0.020478 seconds 
  Import took 0.024382 seconds .

========================================================================
Received Import Request.
  Time since last request: 0.000270 seconds.
  path: Assets/Cartoon Heroes/Male/3D/Legs/Legs_3/Materials/Male_Legs_3_Brown.mat
  artifactKey: Guid(e769fe3895b984d4a937a936f94e8c05) Importer(815301076,1909f56bfc062723c751e8b465ee728b)
Start importing Assets/Cartoon Heroes/Male/3D/Legs/Legs_3/Materials/Male_Legs_3_Brown.mat using Guid(e769fe3895b984d4a937a936f94e8c05) Importer(815301076,1909f56bfc062723c751e8b465ee728b)  -> (artifact id: 'a00fbb20b3b829550ca739363a891ba6') in 0.025428 seconds 
  Import took 0.028826 seconds .

========================================================================
Received Import Request.
  Time since last request: 0.000238 seconds.
  path: Assets/Cartoon Heroes/Male/3D/Torsos/Torso_1/Materials/Male_Torso_1_Yellow.mat
  artifactKey: Guid(b144a4a4d26c47b4485eba56fb574713) Importer(815301076,1909f56bfc062723c751e8b465ee728b)
Start importing Assets/Cartoon Heroes/Male/3D/Torsos/Torso_1/Materials/Male_Torso_1_Yellow.mat using Guid(b144a4a4d26c47b4485eba56fb574713) Importer(815301076,1909f56bfc062723c751e8b465ee728b)  -> (artifact id: 'b99c7787df5d97ac86d478cc562f37e3') in 0.028603 seconds 
  Import took 0.032681 seconds .

========================================================================
Received Import Request.
  Time since last request: 0.000249 seconds.
  path: Assets/Cartoon Heroes/Male/3D/Hairs/Hair_4/Materials/Male_Hair_4.mat
  artifactKey: Guid(c721ecac46d6f11499c1291b2761d121) Importer(815301076,1909f56bfc062723c751e8b465ee728b)
Start importing Assets/Cartoon Heroes/Male/3D/Hairs/Hair_4/Materials/Male_Hair_4.mat using Guid(c721ecac46d6f11499c1291b2761d121) Importer(815301076,1909f56bfc062723c751e8b465ee728b)  -> (artifact id: '0c8ff646aab2fc9b9bdbd1a337631192') in 0.028138 seconds 
  Import took 0.031527 seconds .

========================================================================
Received Import Request.
  Time since last request: 0.000283 seconds.
  path: Assets/Cartoon Heroes/Weapons/Sword_1/3D/Materials/Sword_1_Yellow.mat
  artifactKey: Guid(d23d933a5bb042546bab11d145ca9a20) Importer(815301076,1909f56bfc062723c751e8b465ee728b)
Start importing Assets/Cartoon Heroes/Weapons/Sword_1/3D/Materials/Sword_1_Yellow.mat using Guid(d23d933a5bb042546bab11d145ca9a20) Importer(815301076,1909f56bfc062723c751e8b465ee728b)  -> (artifact id: 'a3166392b3f07381f31138002e436ca1') in 0.023022 seconds 
  Import took 0.027852 seconds .

========================================================================
Received Import Request.
  Time since last request: 0.000305 seconds.
  path: Assets/Cartoon Heroes/Weapons/Sword_2/3D/Materials/Sword_2.mat
  artifactKey: Guid(e59e6b14c8c8d4b4eb91fe062c91ef35) Importer(815301076,1909f56bfc062723c751e8b465ee728b)
Start importing Assets/Cartoon Heroes/Weapons/Sword_2/3D/Materials/Sword_2.mat using Guid(e59e6b14c8c8d4b4eb91fe062c91ef35) Importer(815301076,1909f56bfc062723c751e8b465ee728b)  -> (artifact id: 'ec7882ecab7d329be99995e8c65743da') in 0.014616 seconds 
  Import took 0.017665 seconds .

========================================================================
Received Import Request.
  Time since last request: 0.000284 seconds.
  path: Assets/Cartoon Heroes/Weapons/Sword_2/3D/Materials/Sword_2_Yellow.mat
  artifactKey: Guid(2706ff3c7561e24428805984b884cdc9) Importer(815301076,1909f56bfc062723c751e8b465ee728b)
Start importing Assets/Cartoon Heroes/Weapons/Sword_2/3D/Materials/Sword_2_Yellow.mat using Guid(2706ff3c7561e24428805984b884cdc9) Importer(815301076,1909f56bfc062723c751e8b465ee728b)  -> (artifact id: '55b510ed7309c25897260cfb1b891014') in 0.029923 seconds 
  Import took 0.033315 seconds .

========================================================================
Received Import Request.
  Time since last request: 0.000232 seconds.
  path: Assets/Cartoon Heroes/Weapons/Sword_3/3D/Materials/Sword_3.mat
  artifactKey: Guid(1cf482aeda13e1341a4cd130dfef3274) Importer(815301076,1909f56bfc062723c751e8b465ee728b)
Start importing Assets/Cartoon Heroes/Weapons/Sword_3/3D/Materials/Sword_3.mat using Guid(1cf482aeda13e1341a4cd130dfef3274) Importer(815301076,1909f56bfc062723c751e8b465ee728b)  -> (artifact id: '1ef816b29da823610c1dd7a3b119ed0a') in 0.015362 seconds 
  Import took 0.019628 seconds .

========================================================================
Received Import Request.
  Time since last request: 0.000211 seconds.
  path: Assets/Cartoon Heroes/Weapons/Sword_4/3D/Materials/Sword_4_Gray.mat
  artifactKey: Guid(567546ca9ad72904ba7d62da3ee14235) Importer(815301076,1909f56bfc062723c751e8b465ee728b)
Start importing Assets/Cartoon Heroes/Weapons/Sword_4/3D/Materials/Sword_4_Gray.mat using Guid(567546ca9ad72904ba7d62da3ee14235) Importer(815301076,1909f56bfc062723c751e8b465ee728b)  -> (artifact id: '8a929b98f568f5220eaf7eec4ad8a228') in 0.027337 seconds 
  Import took 0.031578 seconds .

========================================================================
Received Import Request.
  Time since last request: 0.000357 seconds.
  path: Assets/Cartoon Heroes/Weapons/Sword_3/3D/Materials/Sword_3_Gray.mat
  artifactKey: Guid(5fea74ce992612b4e97c431f78002d2d) Importer(815301076,1909f56bfc062723c751e8b465ee728b)
Start importing Assets/Cartoon Heroes/Weapons/Sword_3/3D/Materials/Sword_3_Gray.mat using Guid(5fea74ce992612b4e97c431f78002d2d) Importer(815301076,1909f56bfc062723c751e8b465ee728b)  -> (artifact id: 'b95712b19b56420dbd9060221060c1ac') in 0.023184 seconds 
  Import took 0.028506 seconds .

========================================================================
Received Import Request.
  Time since last request: 0.000254 seconds.
  path: Assets/Cartoon Heroes/Female/3D/Torsos/Torso_3/Materials/Female_Torso_3_Yellow.mat
  artifactKey: Guid(da7a13480ddb58044980a6563b562d9a) Importer(815301076,1909f56bfc062723c751e8b465ee728b)
Start importing Assets/Cartoon Heroes/Female/3D/Torsos/Torso_3/Materials/Female_Torso_3_Yellow.mat using Guid(da7a13480ddb58044980a6563b562d9a) Importer(815301076,1909f56bfc062723c751e8b465ee728b)  -> (artifact id: 'dc382ddf57134646e9953b7dc6abbede') in 0.025385 seconds 
  Import took 0.028647 seconds .

========================================================================
Received Import Request.
  Time since last request: 0.000211 seconds.
  path: Assets/Cartoon Heroes/Male/3D/Hairs/Hair_2/Materials/Male_Hair_2.mat
  artifactKey: Guid(409155a311846ee44a995766d35a6341) Importer(815301076,1909f56bfc062723c751e8b465ee728b)
Start importing Assets/Cartoon Heroes/Male/3D/Hairs/Hair_2/Materials/Male_Hair_2.mat using Guid(409155a311846ee44a995766d35a6341) Importer(815301076,1909f56bfc062723c751e8b465ee728b)  -> (artifact id: 'ab1019ad8c4a0900b42940f3df98b478') in 0.021594 seconds 
  Import took 0.027408 seconds .

========================================================================
Received Import Request.
  Time since last request: 0.000585 seconds.
  path: Assets/Cartoon Heroes/Male/3D/Torsos/Torso_3/Materials/Male_Torso_3_Yellow.mat
  artifactKey: Guid(2d0031d3e1ffcaa4ba3deede89fca2b2) Importer(815301076,1909f56bfc062723c751e8b465ee728b)
Start importing Assets/Cartoon Heroes/Male/3D/Torsos/Torso_3/Materials/Male_Torso_3_Yellow.mat using Guid(2d0031d3e1ffcaa4ba3deede89fca2b2) Importer(815301076,1909f56bfc062723c751e8b465ee728b)  -> (artifact id: 'ae39629de4574d34bb99af4187223c48') in 0.015502 seconds 
  Import took 0.018978 seconds .

========================================================================
Received Import Request.
  Time since last request: 0.000235 seconds.
  path: Assets/Cartoon Heroes/Female/3D/Torsos/Torso_3/Materials/Female_Torso_3_Skin.mat
  artifactKey: Guid(a20148f9afdb1a741a2cb99fee42ee51) Importer(815301076,1909f56bfc062723c751e8b465ee728b)
Start importing Assets/Cartoon Heroes/Female/3D/Torsos/Torso_3/Materials/Female_Torso_3_Skin.mat using Guid(a20148f9afdb1a741a2cb99fee42ee51) Importer(815301076,1909f56bfc062723c751e8b465ee728b)  -> (artifact id: 'a82b7e64bb11143c904cece08facb4bb') in 0.020427 seconds 
  Import took 0.027947 seconds .

========================================================================
Received Import Request.
  Time since last request: 0.000302 seconds.
  path: Assets/Cartoon Heroes/Male/3D/Torsos/Base Torso/Materials/Male_Base_Torso_Light.mat
  artifactKey: Guid(ac1c2d6fecc6e3b4c95808616cac1d39) Importer(815301076,1909f56bfc062723c751e8b465ee728b)
Start importing Assets/Cartoon Heroes/Male/3D/Torsos/Base Torso/Materials/Male_Base_Torso_Light.mat using Guid(ac1c2d6fecc6e3b4c95808616cac1d39) Importer(815301076,1909f56bfc062723c751e8b465ee728b)  -> (artifact id: '897efc31fba554dc58e0d7ee9467ccde') in 0.019850 seconds 
  Import took 0.023636 seconds .

========================================================================
Received Import Request.
  Time since last request: 0.000266 seconds.
  path: Assets/Cartoon Heroes/Male/3D/Heads/Head_2/Materials/Male_Head_2.mat
  artifactKey: Guid(61a3b559664a8db4cbfdfd415b46ed7f) Importer(815301076,1909f56bfc062723c751e8b465ee728b)
Start importing Assets/Cartoon Heroes/Male/3D/Heads/Head_2/Materials/Male_Head_2.mat using Guid(61a3b559664a8db4cbfdfd415b46ed7f) Importer(815301076,1909f56bfc062723c751e8b465ee728b)  -> (artifact id: '2cd239fcd7df57ffceb1fee4fd5ec93d') in 0.019957 seconds 
  Import took 0.025589 seconds .

========================================================================
Received Import Request.
  Time since last request: 0.000244 seconds.
  path: Assets/Cartoon Heroes/Male/3D/Torsos/Torso_2/Materials/Male_Torso_2_Green.mat
  artifactKey: Guid(624fccd252a104d4f9a55cd6fcf85ed2) Importer(815301076,1909f56bfc062723c751e8b465ee728b)
Start importing Assets/Cartoon Heroes/Male/3D/Torsos/Torso_2/Materials/Male_Torso_2_Green.mat using Guid(624fccd252a104d4f9a55cd6fcf85ed2) Importer(815301076,1909f56bfc062723c751e8b465ee728b)  -> (artifact id: '7cbc822b5aa82590977aec30fc820ff6') in 0.022844 seconds 
  Import took 0.027719 seconds .

========================================================================
Received Import Request.
  Time since last request: 0.000236 seconds.
  path: Assets/Cartoon Heroes/Weapons/Sword_1/3D/Materials/Sowrd_1.mat
  artifactKey: Guid(3f546a1a9b2441041bc28a549fb1823d) Importer(815301076,1909f56bfc062723c751e8b465ee728b)
Start importing Assets/Cartoon Heroes/Weapons/Sword_1/3D/Materials/Sowrd_1.mat using Guid(3f546a1a9b2441041bc28a549fb1823d) Importer(815301076,1909f56bfc062723c751e8b465ee728b)  -> (artifact id: '5b5eb007658a2691b6a24089be5cba03') in 0.010062 seconds 
  Import took 0.015705 seconds .

========================================================================
Received Import Request.
  Time since last request: 0.000084 seconds.
  path: Assets/Cartoon Heroes/Weapons/Sword_4/3D/Materials/Sword_4_Yellow.mat
  artifactKey: Guid(f2013b95037b0aa48a3170f71df13812) Importer(815301076,1909f56bfc062723c751e8b465ee728b)
Start importing Assets/Cartoon Heroes/Weapons/Sword_4/3D/Materials/Sword_4_Yellow.mat using Guid(f2013b95037b0aa48a3170f71df13812) Importer(815301076,1909f56bfc062723c751e8b465ee728b)  -> (artifact id: 'e86f66ec22afd488e643bd7091eb3aad') in 0.028682 seconds 
  Import took 0.034050 seconds .

========================================================================
Received Import Request.
  Time since last request: 0.000284 seconds.
  path: Assets/Cartoon Heroes/Male/3D/Torsos/Torso_2/Materials/Male_Torso_2_Yellow.mat
  artifactKey: Guid(6211994c0576b7241a869fd7fc0d206d) Importer(815301076,1909f56bfc062723c751e8b465ee728b)
Start importing Assets/Cartoon Heroes/Male/3D/Torsos/Torso_2/Materials/Male_Torso_2_Yellow.mat using Guid(6211994c0576b7241a869fd7fc0d206d) Importer(815301076,1909f56bfc062723c751e8b465ee728b)  -> (artifact id: '669edae429a85bbfcf9d97c9f39f8275') in 0.020095 seconds 
  Import took 0.024233 seconds .

========================================================================
Received Import Request.
  Time since last request: 0.000300 seconds.
  path: Assets/Cartoon Heroes/Female/3D/Torsos/Torso_1/Materials/Female_Torso_1_Yellow.mat
  artifactKey: Guid(a43cbd281bd63ac4b9cb9d53dc557891) Importer(815301076,1909f56bfc062723c751e8b465ee728b)
Start importing Assets/Cartoon Heroes/Female/3D/Torsos/Torso_1/Materials/Female_Torso_1_Yellow.mat using Guid(a43cbd281bd63ac4b9cb9d53dc557891) Importer(815301076,1909f56bfc062723c751e8b465ee728b)  -> (artifact id: '5129b549b834fc8817a068988132577d') in 0.029142 seconds 
  Import took 0.032252 seconds .

========================================================================
Received Import Request.
  Time since last request: 0.000276 seconds.
  path: Assets/Cartoon Heroes/Female/3D/Torsos/Torso_2/Materials/Female_Torso_2_Skin_Light.mat
  artifactKey: Guid(4db3ffa650972f6449d0aac6f69b200e) Importer(815301076,1909f56bfc062723c751e8b465ee728b)
Start importing Assets/Cartoon Heroes/Female/3D/Torsos/Torso_2/Materials/Female_Torso_2_Skin_Light.mat using Guid(4db3ffa650972f6449d0aac6f69b200e) Importer(815301076,1909f56bfc062723c751e8b465ee728b)  -> (artifact id: 'b0dce10359eb0143d7e395e59c2ff7a2') in 0.017600 seconds 
  Import took 0.020738 seconds .

========================================================================
Received Import Request.
  Time since last request: 0.000220 seconds.
  path: Assets/Cartoon Heroes/Male/3D/Torsos/Torso_1/Materials/Male_Torso_1_Skin.mat
  artifactKey: Guid(08f1732b8a6f2c74e96eb586910d25c3) Importer(815301076,1909f56bfc062723c751e8b465ee728b)
Start importing Assets/Cartoon Heroes/Male/3D/Torsos/Torso_1/Materials/Male_Torso_1_Skin.mat using Guid(08f1732b8a6f2c74e96eb586910d25c3) Importer(815301076,1909f56bfc062723c751e8b465ee728b)  -> (artifact id: '5bd71c34bad7db14162099d0c11bfaec') in 0.017626 seconds 
  Import took 0.022800 seconds .

========================================================================
Received Import Request.
  Time since last request: 0.000240 seconds.
  path: Assets/Cartoon Heroes/Female/3D/Torsos/Torso_3/Materials/Female_Torso_3_Green.mat
  artifactKey: Guid(cb18b88ddbcf5f348842c185ceb496bc) Importer(815301076,1909f56bfc062723c751e8b465ee728b)
Start importing Assets/Cartoon Heroes/Female/3D/Torsos/Torso_3/Materials/Female_Torso_3_Green.mat using Guid(cb18b88ddbcf5f348842c185ceb496bc) Importer(815301076,1909f56bfc062723c751e8b465ee728b)  -> (artifact id: '42686bfff32c313aab1f77b1cfc853f7') in 0.030103 seconds 
  Import took 0.033213 seconds .

========================================================================
Received Import Request.
  Time since last request: 0.000335 seconds.
  path: Assets/Cartoon Heroes/Female/3D/Animation Skeleton/Female_Animation_Skeleton.FBX
  artifactKey: Guid(d4bc8aeee1248da43a4176631929bc9d) Importer(815301076,1909f56bfc062723c751e8b465ee728b)
Start importing Assets/Cartoon Heroes/Female/3D/Animation Skeleton/Female_Animation_Skeleton.FBX using Guid(d4bc8aeee1248da43a4176631929bc9d) Importer(815301076,1909f56bfc062723c751e8b465ee728b)  -> (artifact id: '82fd1c62c3949b7852fd4759f217b9b8') in 0.037312 seconds 
  Import took 0.040812 seconds .

========================================================================
Received Import Request.
  Time since last request: 0.000205 seconds.
  path: Assets/Cartoon Heroes/Male/3D/Heads/Head_1/Materials/Male_Head_1.mat
  artifactKey: Guid(25e381a33d04932429a8bd13baaefaee) Importer(815301076,1909f56bfc062723c751e8b465ee728b)
Start importing Assets/Cartoon Heroes/Male/3D/Heads/Head_1/Materials/Male_Head_1.mat using Guid(25e381a33d04932429a8bd13baaefaee) Importer(815301076,1909f56bfc062723c751e8b465ee728b)  -> (artifact id: 'a0f1ca28b673d246bcce33577dfc6382') in 0.032911 seconds 
  Import took 0.038851 seconds .

========================================================================
Received Import Request.
  Time since last request: 0.000232 seconds.
  path: Assets/Cartoon Heroes/Male/3D/Torsos/Torso_3/Materials/Male_Torso_3_Skin_Dark.mat
  artifactKey: Guid(e5aa232d9b500f94b8045befbcdfc609) Importer(815301076,1909f56bfc062723c751e8b465ee728b)
Start importing Assets/Cartoon Heroes/Male/3D/Torsos/Torso_3/Materials/Male_Torso_3_Skin_Dark.mat using Guid(e5aa232d9b500f94b8045befbcdfc609) Importer(815301076,1909f56bfc062723c751e8b465ee728b)  -> (artifact id: '35e4ba318b0ccb4c832a10273890baf1') in 0.032813 seconds 
  Import took 0.036626 seconds .

========================================================================
Received Import Request.
  Time since last request: 0.000549 seconds.
  path: Assets/Cartoon Heroes/Weapons/Sword_2/3D/Materials/Sword_2_Gray.mat
  artifactKey: Guid(5284465724a051a468950ae23b8e1186) Importer(815301076,1909f56bfc062723c751e8b465ee728b)
Start importing Assets/Cartoon Heroes/Weapons/Sword_2/3D/Materials/Sword_2_Gray.mat using Guid(5284465724a051a468950ae23b8e1186) Importer(815301076,1909f56bfc062723c751e8b465ee728b)  -> (artifact id: '7c2f6de323aed9198bc377a8f2011c91') in 0.057438 seconds 
  Import took 0.065095 seconds .

========================================================================
Received Import Request.
  Time since last request: 0.000208 seconds.
  path: Assets/Cartoon Heroes/Female/3D/Legs/Legs_3/Materials/Female_Legs_3_Brown.mat
  artifactKey: Guid(3b179c814ee420f408a2e55464b8b3a8) Importer(815301076,1909f56bfc062723c751e8b465ee728b)
Start importing Assets/Cartoon Heroes/Female/3D/Legs/Legs_3/Materials/Female_Legs_3_Brown.mat using Guid(3b179c814ee420f408a2e55464b8b3a8) Importer(815301076,1909f56bfc062723c751e8b465ee728b)  -> (artifact id: 'b3c9032a3bdd372561975f3d1cfe79d5') in 0.031463 seconds 
  Import took 0.034086 seconds .

========================================================================
Received Import Request.
  Time since last request: 0.000223 seconds.
  path: Assets/Cartoon Heroes/Male/3D/Hairs/Hair_3/Materials/Male_Hair_3_Black.mat
  artifactKey: Guid(8badc6f468c5a6340a18921906577d8a) Importer(815301076,1909f56bfc062723c751e8b465ee728b)
Start importing Assets/Cartoon Heroes/Male/3D/Hairs/Hair_3/Materials/Male_Hair_3_Black.mat using Guid(8badc6f468c5a6340a18921906577d8a) Importer(815301076,1909f56bfc062723c751e8b465ee728b)  -> (artifact id: '7ceea1fe9f4adb9a2e0d05fe4d715367') in 0.029219 seconds 
  Import took 0.031871 seconds .

========================================================================
Received Import Request.
  Time since last request: 0.000203 seconds.
  path: Assets/Cartoon Heroes/Female/3D/Legs/Legs_3/Materials/Female_Legs_3_Skin_Light.mat
  artifactKey: Guid(1bd40f27ff5070a40b4b0c304b6f8d03) Importer(815301076,1909f56bfc062723c751e8b465ee728b)
Start importing Assets/Cartoon Heroes/Female/3D/Legs/Legs_3/Materials/Female_Legs_3_Skin_Light.mat using Guid(1bd40f27ff5070a40b4b0c304b6f8d03) Importer(815301076,1909f56bfc062723c751e8b465ee728b)  -> (artifact id: '2fa2bcc2e570881cc685b24352db2b3d') in 0.026770 seconds 
  Import took 0.031056 seconds .

========================================================================
Received Import Request.
  Time since last request: 0.000280 seconds.
  path: Assets/Cartoon Heroes/Weapons/Sword_4/3D/Materials/Sword_4.mat
  artifactKey: Guid(ddcf157ff769d17439097b5343ac0127) Importer(815301076,1909f56bfc062723c751e8b465ee728b)
Start importing Assets/Cartoon Heroes/Weapons/Sword_4/3D/Materials/Sword_4.mat using Guid(ddcf157ff769d17439097b5343ac0127) Importer(815301076,1909f56bfc062723c751e8b465ee728b)  -> (artifact id: '5d59e94f1ae8be5ded7919f1077858ba') in 0.015682 seconds 
  Import took 0.019759 seconds .

========================================================================
Received Import Request.
  Time since last request: 0.000240 seconds.
  path: Assets/Cartoon Heroes/Female/3D/Legs/Legs_1/Materials/Female_Legs_1_Skin_Dark.mat
  artifactKey: Guid(d669654d82295e441b8e1e47a8658068) Importer(815301076,1909f56bfc062723c751e8b465ee728b)
Start importing Assets/Cartoon Heroes/Female/3D/Legs/Legs_1/Materials/Female_Legs_1_Skin_Dark.mat using Guid(d669654d82295e441b8e1e47a8658068) Importer(815301076,1909f56bfc062723c751e8b465ee728b)  -> (artifact id: 'f61c31e8616bce12aedaadcf8db6c7de') in 0.024780 seconds 
  Import took 0.030383 seconds .

========================================================================
Received Import Request.
  Time since last request: 0.000199 seconds.
  path: Assets/Cartoon Heroes/Weapons/Sword_1/3D/Materials/Sword_1_Gray.mat
  artifactKey: Guid(17245f7e3705df848b9194a91683de5f) Importer(815301076,1909f56bfc062723c751e8b465ee728b)
Start importing Assets/Cartoon Heroes/Weapons/Sword_1/3D/Materials/Sword_1_Gray.mat using Guid(17245f7e3705df848b9194a91683de5f) Importer(815301076,1909f56bfc062723c751e8b465ee728b)  -> (artifact id: 'd4f716adf8528757ffda7ea7d5958b92') in 0.030814 seconds 
  Import took 0.033932 seconds .

========================================================================
Received Import Request.
  Time since last request: 0.000205 seconds.
  path: Assets/Cartoon Heroes/Weapons/Sword_3/3D/Materials/Sword_3_Yellow.mat
  artifactKey: Guid(5b426fb14380310499c150739fa7612e) Importer(815301076,1909f56bfc062723c751e8b465ee728b)
Start importing Assets/Cartoon Heroes/Weapons/Sword_3/3D/Materials/Sword_3_Yellow.mat using Guid(5b426fb14380310499c150739fa7612e) Importer(815301076,1909f56bfc062723c751e8b465ee728b)  -> (artifact id: '0f1623d2def00d02da80eb7842021fdf') in 0.028812 seconds 
  Import took 0.031906 seconds .

========================================================================
Received Import Request.
  Time since last request: 0.000236 seconds.
  path: Assets/Cartoon Heroes/Female/3D/Legs/Legs_2/Materials/Female_Legs_2_Black.mat
  artifactKey: Guid(49d03cf711496d8419fb8ac3845b77df) Importer(815301076,1909f56bfc062723c751e8b465ee728b)
Start importing Assets/Cartoon Heroes/Female/3D/Legs/Legs_2/Materials/Female_Legs_2_Black.mat using Guid(49d03cf711496d8419fb8ac3845b77df) Importer(815301076,1909f56bfc062723c751e8b465ee728b)  -> (artifact id: '2946c7d266a16ca12201fea0ec15e290') in 0.033300 seconds 
  Import took 0.038214 seconds .

========================================================================
Received Import Request.
  Time since last request: 0.000229 seconds.
  path: Assets/Cartoon Heroes/Female/3D/Torsos/Torso_2/Materials/Female_Torso_2_Blue.mat
  artifactKey: Guid(b51421c6a4ea7ac4895dc01f52a1901c) Importer(815301076,1909f56bfc062723c751e8b465ee728b)
Start importing Assets/Cartoon Heroes/Female/3D/Torsos/Torso_2/Materials/Female_Torso_2_Blue.mat using Guid(b51421c6a4ea7ac4895dc01f52a1901c) Importer(815301076,1909f56bfc062723c751e8b465ee728b)  -> (artifact id: 'ae1b815599acc05410ab163c40653c1b') in 0.029802 seconds 
  Import took 0.033703 seconds .

========================================================================
Received Import Request.
  Time since last request: 0.000197 seconds.
  path: Assets/Cartoon Heroes/Male/3D/Legs/Legs_1/Materials/Male_Legs_1_Black.mat
  artifactKey: Guid(04d5ac432965eca47a69656ac9c69338) Importer(815301076,1909f56bfc062723c751e8b465ee728b)
Start importing Assets/Cartoon Heroes/Male/3D/Legs/Legs_1/Materials/Male_Legs_1_Black.mat using Guid(04d5ac432965eca47a69656ac9c69338) Importer(815301076,1909f56bfc062723c751e8b465ee728b)  -> (artifact id: '36575ca0a975a56d8c0cb83ab27e32f1') in 0.030644 seconds 
  Import took 0.033722 seconds .

========================================================================
Received Import Request.
  Time since last request: 0.000265 seconds.
  path: Assets/Cartoon Heroes/Female/3D/Legs/Legs_1/Materials/Female_Legs_1_Brown.mat
  artifactKey: Guid(2da6ab6361b999b478c227c3f69616ea) Importer(815301076,1909f56bfc062723c751e8b465ee728b)
Start importing Assets/Cartoon Heroes/Female/3D/Legs/Legs_1/Materials/Female_Legs_1_Brown.mat using Guid(2da6ab6361b999b478c227c3f69616ea) Importer(815301076,1909f56bfc062723c751e8b465ee728b)  -> (artifact id: 'a97dacf4b4ff986ba12bea9ca5dc6054') in 0.028591 seconds 
  Import took 0.031857 seconds .

========================================================================
Received Import Request.
  Time since last request: 0.000204 seconds.
  path: Assets/Cartoon Heroes/Female/3D/Torsos/Torso_3/Materials/Female_Torso_3_Red.mat
  artifactKey: Guid(9194a78cc1925cf40a3085f3d2353a29) Importer(815301076,1909f56bfc062723c751e8b465ee728b)
Start importing Assets/Cartoon Heroes/Female/3D/Torsos/Torso_3/Materials/Female_Torso_3_Red.mat using Guid(9194a78cc1925cf40a3085f3d2353a29) Importer(815301076,1909f56bfc062723c751e8b465ee728b)  -> (artifact id: '1fb53d743f348ae2f0ed604c3712fe2a') in 0.033672 seconds 
  Import took 0.036450 seconds .

========================================================================
Received Import Request.
  Time since last request: 13.490821 seconds.
  path: Assets/Materials
  artifactKey: Guid(7b5b45f3481f05246b1a9a9a4e078519) Importer(815301076,1909f56bfc062723c751e8b465ee728b)
Start importing Assets/Materials using Guid(7b5b45f3481f05246b1a9a9a4e078519) Importer(815301076,1909f56bfc062723c751e8b465ee728b)  -> (artifact id: '533e5e9d0f47d57035d3b0306a641dfc') in 0.002751 seconds 
  Import took 0.005515 seconds .

========================================================================
Received Import Request.
  Time since last request: 15.123982 seconds.
  path: Assets/Materials/Black.mat
  artifactKey: Guid(058218220898ef747b2e7832475478c6) Importer(815301076,1909f56bfc062723c751e8b465ee728b)
Start importing Assets/Materials/Black.mat using Guid(058218220898ef747b2e7832475478c6) Importer(815301076,1909f56bfc062723c751e8b465ee728b)  -> (artifact id: '38fa179c6e1d50e68b5c72e16276f06e') in 0.021490 seconds 
  Import took 0.066048 seconds .

========================================================================
Received Prepare
Registering precompiled user dll's ...
Registered in 0.004846 seconds.
Begin MonoManager ReloadAssembly
Native extension for WindowsStandalone target not found
Refreshing native plugins compatible for Editor in 0.39 ms, found 2 plugins.
Preloading 0 native plugins for Editor in 0.00 ms.
Mono: successfully reloaded assembly
- Completed reload, in  1.001 seconds
Domain Reload Profiling:
	ReloadAssembly (1001ms)
		BeginReloadAssembly (127ms)
			ExecutionOrderSort (0ms)
			DisableScriptedObjects (4ms)
			BackupInstance (0ms)
			ReleaseScriptingObjects (0ms)
			CreateAndSetChildDomain (33ms)
		EndReloadAssembly (806ms)
			LoadAssemblies (108ms)
			RebuildTransferFunctionScriptingTraits (0ms)
			SetupTypeCache (284ms)
			ReleaseScriptCaches (1ms)
			RebuildScriptCaches (40ms)
			SetupLoadedEditorAssemblies (287ms)
				LogAssemblyErrors (0ms)
				InitializePlatformSupportModulesInManaged (5ms)
				SetLoadedEditorAssemblies (0ms)
				RefreshPlugins (0ms)
				BeforeProcessingInitializeOnLoad (77ms)
				ProcessInitializeOnLoadAttributes (187ms)
				ProcessInitializeOnLoadMethodAttributes (9ms)
				AfterProcessingInitializeOnLoad (8ms)
				EditorAssembliesLoaded (0ms)
			ExecutionOrderSort2 (0ms)
			AwakeInstancesAfterBackupRestoration (7ms)
Platform modules already initialized, skipping
Refreshing native plugins compatible for Editor in 0.43 ms, found 2 plugins.
Preloading 0 native plugins for Editor in 0.00 ms.
Unloading 1500 Unused Serialized files (Serialized files now loaded: 0)
System memory in use before: 98.5 MB.
System memory in use after: 98.6 MB.

Unloading 14 unused Assets to reduce memory usage. Loaded Objects now: 2000.
Total: 6.420900 ms (FindLiveObjects: 3.777400 ms CreateObjectMapping: 0.070700 ms MarkObjects: 2.540200 ms  DeleteObjects: 0.031000 ms)

AssetImportParameters requested are different than current active one (requested -> active):
  custom:framework-win-MediaFoundation: 216162199b28c13a410421893ffa2e32 -> 
  custom:video-decoder-ogg-theora: a1e56fd34408186e4bbccfd4996cb3dc -> 
  custom:container-muxer-webm: aa71ff27fc2769a1b78a27578f13a17b -> 
  custom:container-demuxer-webm: 4f35f7cbe854078d1ac9338744f61a02 -> 
  custom:container-demuxer-ogg: 62fdf1f143b41e24485cea50d1cbac27 -> 
  custom:video-encoder-webm-vp8: eb34c28f22e8b96e1ab97ce403110664 -> 
  custom:video-decoder-webm-vp8: 9c59270c3fd7afecdb556c50c9e8de78 -> 
  custom:audio-decoder-ogg-vorbis: bf7c407c2cedff20999df2af8eb42d56 -> 
  custom:audio-encoder-webm-vorbis: bf7c407c2cedff20999df2af8eb42d56 -> 
========================================================================
Received Import Request.
  Time since last request: 49.702962 seconds.
  path: Assets/Materials/Black.mat
  artifactKey: Guid(058218220898ef747b2e7832475478c6) Importer(815301076,1909f56bfc062723c751e8b465ee728b)
Start importing Assets/Materials/Black.mat using Guid(058218220898ef747b2e7832475478c6) Importer(815301076,1909f56bfc062723c751e8b465ee728b)  -> (artifact id: '844beeb946bd08ef50626e2a5b13ee8e') in 0.094355 seconds 
  Import took 0.098356 seconds .

========================================================================
Received Prepare
Registering precompiled user dll's ...
Registered in 0.004587 seconds.
Begin MonoManager ReloadAssembly
Native extension for WindowsStandalone target not found
Refreshing native plugins compatible for Editor in 0.42 ms, found 2 plugins.
Preloading 0 native plugins for Editor in 0.00 ms.
Mono: successfully reloaded assembly
- Completed reload, in  1.144 seconds
Domain Reload Profiling:
	ReloadAssembly (1144ms)
		BeginReloadAssembly (158ms)
			ExecutionOrderSort (0ms)
			DisableScriptedObjects (5ms)
			BackupInstance (0ms)
			ReleaseScriptingObjects (0ms)
			CreateAndSetChildDomain (38ms)
		EndReloadAssembly (874ms)
			LoadAssemblies (140ms)
			RebuildTransferFunctionScriptingTraits (0ms)
			SetupTypeCache (320ms)
			ReleaseScriptCaches (1ms)
			RebuildScriptCaches (42ms)
			SetupLoadedEditorAssemblies (310ms)
				LogAssemblyErrors (0ms)
				InitializePlatformSupportModulesInManaged (5ms)
				SetLoadedEditorAssemblies (1ms)
				RefreshPlugins (1ms)
				BeforeProcessingInitializeOnLoad (79ms)
				ProcessInitializeOnLoadAttributes (206ms)
				ProcessInitializeOnLoadMethodAttributes (10ms)
				AfterProcessingInitializeOnLoad (9ms)
				EditorAssembliesLoaded (0ms)
			ExecutionOrderSort2 (0ms)
			AwakeInstancesAfterBackupRestoration (7ms)
Platform modules already initialized, skipping
Refreshing native plugins compatible for Editor in 0.39 ms, found 2 plugins.
Preloading 0 native plugins for Editor in 0.00 ms.
Unloading 1500 Unused Serialized files (Serialized files now loaded: 0)
System memory in use before: 98.5 MB.
System memory in use after: 98.6 MB.

Unloading 14 unused Assets to reduce memory usage. Loaded Objects now: 2003.
Total: 2.694200 ms (FindLiveObjects: 0.130100 ms CreateObjectMapping: 0.047400 ms MarkObjects: 2.500600 ms  DeleteObjects: 0.015000 ms)

AssetImportParameters requested are different than current active one (requested -> active):
  custom:framework-win-MediaFoundation: 216162199b28c13a410421893ffa2e32 -> 
  custom:video-decoder-ogg-theora: a1e56fd34408186e4bbccfd4996cb3dc -> 
  custom:container-muxer-webm: aa71ff27fc2769a1b78a27578f13a17b -> 
  custom:container-demuxer-webm: 4f35f7cbe854078d1ac9338744f61a02 -> 
  custom:container-demuxer-ogg: 62fdf1f143b41e24485cea50d1cbac27 -> 
  custom:video-encoder-webm-vp8: eb34c28f22e8b96e1ab97ce403110664 -> 
  custom:video-decoder-webm-vp8: 9c59270c3fd7afecdb556c50c9e8de78 -> 
  custom:audio-decoder-ogg-vorbis: bf7c407c2cedff20999df2af8eb42d56 -> 
  custom:audio-encoder-webm-vorbis: bf7c407c2cedff20999df2af8eb42d56 -> 
========================================================================
Received Prepare
Registering precompiled user dll's ...
Registered in 0.005709 seconds.
Begin MonoManager ReloadAssembly
Native extension for WindowsStandalone target not found
Refreshing native plugins compatible for Editor in 0.40 ms, found 2 plugins.
Preloading 0 native plugins for Editor in 0.00 ms.
Mono: successfully reloaded assembly
- Completed reload, in  1.061 seconds
Domain Reload Profiling:
	ReloadAssembly (1062ms)
		BeginReloadAssembly (145ms)
			ExecutionOrderSort (0ms)
			DisableScriptedObjects (5ms)
			BackupInstance (0ms)
			ReleaseScriptingObjects (0ms)
			CreateAndSetChildDomain (39ms)
		EndReloadAssembly (844ms)
			LoadAssemblies (125ms)
			RebuildTransferFunctionScriptingTraits (0ms)
			SetupTypeCache (298ms)
			ReleaseScriptCaches (1ms)
			RebuildScriptCaches (37ms)
			SetupLoadedEditorAssemblies (298ms)
				LogAssemblyErrors (0ms)
				InitializePlatformSupportModulesInManaged (5ms)
				SetLoadedEditorAssemblies (0ms)
				RefreshPlugins (0ms)
				BeforeProcessingInitializeOnLoad (76ms)
				ProcessInitializeOnLoadAttributes (199ms)
				ProcessInitializeOnLoadMethodAttributes (9ms)
				AfterProcessingInitializeOnLoad (8ms)
				EditorAssembliesLoaded (0ms)
			ExecutionOrderSort2 (0ms)
			AwakeInstancesAfterBackupRestoration (7ms)
Platform modules already initialized, skipping
Refreshing native plugins compatible for Editor in 0.38 ms, found 2 plugins.
Preloading 0 native plugins for Editor in 0.00 ms.
Unloading 1500 Unused Serialized files (Serialized files now loaded: 0)
System memory in use before: 98.5 MB.
System memory in use after: 98.6 MB.

Unloading 14 unused Assets to reduce memory usage. Loaded Objects now: 2005.
Total: 2.512500 ms (FindLiveObjects: 0.141500 ms CreateObjectMapping: 0.054900 ms MarkObjects: 2.299800 ms  DeleteObjects: 0.015400 ms)

AssetImportParameters requested are different than current active one (requested -> active):
  custom:framework-win-MediaFoundation: 216162199b28c13a410421893ffa2e32 -> 
  custom:video-decoder-ogg-theora: a1e56fd34408186e4bbccfd4996cb3dc -> 
  custom:container-muxer-webm: aa71ff27fc2769a1b78a27578f13a17b -> 
  custom:container-demuxer-webm: 4f35f7cbe854078d1ac9338744f61a02 -> 
  custom:container-demuxer-ogg: 62fdf1f143b41e24485cea50d1cbac27 -> 
  custom:video-encoder-webm-vp8: eb34c28f22e8b96e1ab97ce403110664 -> 
  custom:video-decoder-webm-vp8: 9c59270c3fd7afecdb556c50c9e8de78 -> 
  custom:audio-decoder-ogg-vorbis: bf7c407c2cedff20999df2af8eb42d56 -> 
  custom:audio-encoder-webm-vorbis: bf7c407c2cedff20999df2af8eb42d56 -> 
AssetImportWorkerClient::OnTransportError - code=2 error=End of file
